<?xml version="1.0" encoding="UTF-8"?>
<testng-results ignored="8" total="79" passed="67" failed="4" skipped="0">
  <reporter-output>
    <line>
      <![CDATA[==server connected successfully==]]>
    </line>
    <line>
      <![CDATA[==database connected successfully]]>
    </line>
    <line>
      <![CDATA[==database closed successfully]]>
    </line>
    <line>
      <![CDATA[==server closed successfully]]>
    </line>
  </reporter-output>
  <suite started-at="2025-06-20T08:12:51Z" name="Suite" finished-at="2025-06-20T08:17:58Z" duration-ms="307620">
    <groups>
      <group name="ST">
        <method signature="RegisterFunctionalityTest.registerTest(java.lang.String, java.lang.String, java.lang.String, java.lang.String)[pri:0, instance:com.Ecommerce.register.RegisterFunctionalityTest@401f7633]" name="registerTest" class="com.Ecommerce.register.RegisterFunctionalityTest"/>
      </group> <!-- ST -->
      <group name="RT">
        <method signature="InvalidLoginFunctionalityTest.invalidLoginTest(java.lang.String, java.lang.String)[pri:0, instance:com.Ecommerce.login.InvalidLoginFunctionalityTest@7a67e3c6]" name="invalidLoginTest" class="com.Ecommerce.login.InvalidLoginFunctionalityTest"/>
        <method signature="RegisterFunctionalityTest.registerTest(java.lang.String, java.lang.String, java.lang.String, java.lang.String)[pri:0, instance:com.Ecommerce.register.RegisterFunctionalityTest@401f7633]" name="registerTest" class="com.Ecommerce.register.RegisterFunctionalityTest"/>
        <method signature="ValidLoginFunctionalityTest.loginTest(java.lang.String, java.lang.String)[pri:0, instance:com.Ecommerce.login.ValidLoginFunctionalityTest@106cc338]" name="loginTest" class="com.Ecommerce.login.ValidLoginFunctionalityTest"/>
      </group> <!-- RT -->
      <group name="FT">
        <method signature="InvalidLoginFunctionalityTest.invalidLoginTest(java.lang.String, java.lang.String)[pri:0, instance:com.Ecommerce.login.InvalidLoginFunctionalityTest@7a67e3c6]" name="invalidLoginTest" class="com.Ecommerce.login.InvalidLoginFunctionalityTest"/>
        <method signature="ValidLoginFunctionalityTest.loginTest(java.lang.String, java.lang.String)[pri:0, instance:com.Ecommerce.login.ValidLoginFunctionalityTest@106cc338]" name="loginTest" class="com.Ecommerce.login.ValidLoginFunctionalityTest"/>
      </group> <!-- FT -->
    </groups>
    <test started-at="2025-06-20T08:12:51Z" name="Test" finished-at="2025-06-20T08:17:58Z" duration-ms="307620">
      <class name="com.Ecommerce.login.InvalidLoginFunctionalityTest">
        <test-method is-config="true" signature="setUp(java.lang.String)[pri:0, instance:com.Ecommerce.login.InvalidLoginFunctionalityTest@7a67e3c6]" started-at="2025-06-20T08:17:16Z" name="setUp" finished-at="2025-06-20T08:17:21Z" duration-ms="4677" status="PASS">
          <params>
            <param index="0">
              <value>
                <![CDATA[chrome]]>
              </value>
            </param>
          </params>
          <reporter-output>
          </reporter-output>
        </test-method> <!-- setUp -->
        <test-method signature="invalidLoginTest(java.lang.String, java.lang.String)[pri:0, instance:com.Ecommerce.login.InvalidLoginFunctionalityTest@7a67e3c6]" started-at="2025-06-20T08:17:21Z" name="invalidLoginTest" data-provider="invalidloginData" finished-at="2025-06-20T08:17:23Z" duration-ms="1817" status="PASS">
          <params>
            <param index="0">
              <value>
                <![CDATA[figueroajohn@doyle.net]]>
              </value>
            </param>
            <param index="1">
              <value>
                <![CDATA[5THgbyR)^4]]>
              </value>
            </param>
          </params>
          <reporter-output>
          </reporter-output>
        </test-method> <!-- invalidLoginTest -->
        <test-method signature="invalidLoginTest(java.lang.String, java.lang.String)[pri:0, instance:com.Ecommerce.login.InvalidLoginFunctionalityTest@7a67e3c6]" started-at="2025-06-20T08:17:23Z" name="invalidLoginTest" data-provider="invalidloginData" finished-at="2025-06-20T08:17:24Z" duration-ms="1811" status="PASS">
          <params>
            <param index="0">
              <value>
                <![CDATA[fjohnson@hall.com]]>
              </value>
            </param>
            <param index="1">
              <value>
                <![CDATA[y2BRaKQ(&3]]>
              </value>
            </param>
          </params>
          <reporter-output>
          </reporter-output>
        </test-method> <!-- invalidLoginTest -->
        <test-method signature="invalidLoginTest(java.lang.String, java.lang.String)[pri:0, instance:com.Ecommerce.login.InvalidLoginFunctionalityTest@7a67e3c6]" started-at="2025-06-20T08:17:24Z" name="invalidLoginTest" data-provider="invalidloginData" finished-at="2025-06-20T08:17:26Z" duration-ms="2039" status="PASS">
          <params>
            <param index="0">
              <value>
                <![CDATA[lrobinson@pacheco-smith.com]]>
              </value>
            </param>
            <param index="1">
              <value>
                <![CDATA[t@^0b3HcUM]]>
              </value>
            </param>
          </params>
          <reporter-output>
          </reporter-output>
        </test-method> <!-- invalidLoginTest -->
        <test-method signature="invalidLoginTest(java.lang.String, java.lang.String)[pri:0, instance:com.Ecommerce.login.InvalidLoginFunctionalityTest@7a67e3c6]" started-at="2025-06-20T08:17:26Z" name="invalidLoginTest" data-provider="invalidloginData" finished-at="2025-06-20T08:17:28Z" duration-ms="2046" status="PASS">
          <params>
            <param index="0">
              <value>
                <![CDATA[joshua35@gmail.com]]>
              </value>
            </param>
            <param index="1">
              <value>
                <![CDATA[Ip6aZ%Ln@2]]>
              </value>
            </param>
          </params>
          <reporter-output>
          </reporter-output>
        </test-method> <!-- invalidLoginTest -->
        <test-method signature="invalidLoginTest(java.lang.String, java.lang.String)[pri:0, instance:com.Ecommerce.login.InvalidLoginFunctionalityTest@7a67e3c6]" started-at="2025-06-20T08:17:28Z" name="invalidLoginTest" data-provider="invalidloginData" finished-at="2025-06-20T08:17:30Z" duration-ms="1579" status="PASS">
          <params>
            <param index="0">
              <value>
                <![CDATA[wdavis@baker.com]]>
              </value>
            </param>
            <param index="1">
              <value>
                <![CDATA[q^#4*aOh&h]]>
              </value>
            </param>
          </params>
          <reporter-output>
          </reporter-output>
        </test-method> <!-- invalidLoginTest -->
        <test-method signature="invalidLoginTest(java.lang.String, java.lang.String)[pri:0, instance:com.Ecommerce.login.InvalidLoginFunctionalityTest@7a67e3c6]" started-at="2025-06-20T08:17:30Z" name="invalidLoginTest" data-provider="invalidloginData" finished-at="2025-06-20T08:17:32Z" duration-ms="1903" status="PASS">
          <params>
            <param index="0">
              <value>
                <![CDATA[arnoldmaria@hotmail.com]]>
              </value>
            </param>
            <param index="1">
              <value>
                <![CDATA[0!*3M9dbja]]>
              </value>
            </param>
          </params>
          <reporter-output>
          </reporter-output>
        </test-method> <!-- invalidLoginTest -->
        <test-method signature="invalidLoginTest(java.lang.String, java.lang.String)[pri:0, instance:com.Ecommerce.login.InvalidLoginFunctionalityTest@7a67e3c6]" started-at="2025-06-20T08:17:32Z" name="invalidLoginTest" data-provider="invalidloginData" finished-at="2025-06-20T08:17:34Z" duration-ms="1642" status="PASS">
          <params>
            <param index="0">
              <value>
                <![CDATA[janetwilliams@gmail.com]]>
              </value>
            </param>
            <param index="1">
              <value>
                <![CDATA[SS%0Ppxx^$]]>
              </value>
            </param>
          </params>
          <reporter-output>
          </reporter-output>
        </test-method> <!-- invalidLoginTest -->
        <test-method signature="invalidLoginTest(java.lang.String, java.lang.String)[pri:0, instance:com.Ecommerce.login.InvalidLoginFunctionalityTest@7a67e3c6]" started-at="2025-06-20T08:17:34Z" name="invalidLoginTest" data-provider="invalidloginData" finished-at="2025-06-20T08:17:35Z" duration-ms="1771" status="PASS">
          <params>
            <param index="0">
              <value>
                <![CDATA[wyattmichelle@yahoo.com]]>
              </value>
            </param>
            <param index="1">
              <value>
                <![CDATA[V@JV9H3s5H]]>
              </value>
            </param>
          </params>
          <reporter-output>
          </reporter-output>
        </test-method> <!-- invalidLoginTest -->
        <test-method signature="invalidLoginTest(java.lang.String, java.lang.String)[pri:0, instance:com.Ecommerce.login.InvalidLoginFunctionalityTest@7a67e3c6]" started-at="2025-06-20T08:17:35Z" name="invalidLoginTest" data-provider="invalidloginData" finished-at="2025-06-20T08:17:37Z" duration-ms="1765" status="PASS">
          <params>
            <param index="0">
              <value>
                <![CDATA[xreid@gmail.com]]>
              </value>
            </param>
            <param index="1">
              <value>
                <![CDATA[s^37TrrF!7]]>
              </value>
            </param>
          </params>
          <reporter-output>
          </reporter-output>
        </test-method> <!-- invalidLoginTest -->
        <test-method signature="invalidLoginTest(java.lang.String, java.lang.String)[pri:0, instance:com.Ecommerce.login.InvalidLoginFunctionalityTest@7a67e3c6]" started-at="2025-06-20T08:17:37Z" name="invalidLoginTest" data-provider="invalidloginData" finished-at="2025-06-20T08:17:40Z" duration-ms="3297" status="FAIL">
          <params>
            <param index="0">
              <value>
                <![CDATA[jason41@hotmail.com]]>
              </value>
            </param>
            <param index="1">
              <value>
                <![CDATA[8q7rJ+8v_c]]>
              </value>
            </param>
          </params>
          <exception class="org.openqa.selenium.StaleElementReferenceException">
            <message>
              <![CDATA[stale element reference: stale element not found
  (Session info: chrome=137.0.7151.105)
For documentation on this error, please visit: https://www.selenium.dev/documentation/webdriver/troubleshooting/errors#stale-element-reference-exception
Build info: version: '4.26.0', revision: '8ccf0219d7'
System info: os.name: 'Windows 11', os.arch: 'amd64', os.version: '10.0', java.version: '20.0.2'
Driver info: org.openqa.selenium.chrome.ChromeDriver
Command: [cfc1873e5ea9f044bd4d441c4bdfe402, clearElement {id=f.54BFE5585A4C8FCEA63F368A82483E37.d.FBFCB774BEB3862256E4C78EFAF851A5.e.588}]
Capabilities {acceptInsecureCerts: false, browserName: chrome, browserVersion: 137.0.7151.105, chrome: {chromedriverVersion: 137.0.7151.119 (e0ac9d12dff..., userDataDir: C:\Users\AMANSI~1\AppData\L...}, fedcm:accounts: true, goog:chromeOptions: {debuggerAddress: localhost:52896}, networkConnectionEnabled: false, pageLoadStrategy: normal, platformName: windows, proxy: Proxy(), se:cdp: ws://localhost:52896/devtoo..., se:cdpVersion: 137.0.7151.105, setWindowRect: true, strictFileInteractability: false, timeouts: {implicit: 0, pageLoad: 300000, script: 30000}, unhandledPromptBehavior: dismiss and notify, webauthn:extension:credBlob: true, webauthn:extension:largeBlob: true, webauthn:extension:minPinLength: true, webauthn:extension:prf: true, webauthn:virtualAuthenticators: true}
Element: [[ChromeDriver: chrome on windows (cfc1873e5ea9f044bd4d441c4bdfe402)] -> id: Email]
Session ID: cfc1873e5ea9f044bd4d441c4bdfe402]]>
            </message>
            <full-stacktrace>
              <![CDATA[org.openqa.selenium.StaleElementReferenceException: stale element reference: stale element not found
  (Session info: chrome=137.0.7151.105)
For documentation on this error, please visit: https://www.selenium.dev/documentation/webdriver/troubleshooting/errors#stale-element-reference-exception
Build info: version: '4.26.0', revision: '8ccf0219d7'
System info: os.name: 'Windows 11', os.arch: 'amd64', os.version: '10.0', java.version: '20.0.2'
Driver info: org.openqa.selenium.chrome.ChromeDriver
Command: [cfc1873e5ea9f044bd4d441c4bdfe402, clearElement {id=f.54BFE5585A4C8FCEA63F368A82483E37.d.FBFCB774BEB3862256E4C78EFAF851A5.e.588}]
Capabilities {acceptInsecureCerts: false, browserName: chrome, browserVersion: 137.0.7151.105, chrome: {chromedriverVersion: 137.0.7151.119 (e0ac9d12dff..., userDataDir: C:\Users\AMANSI~1\AppData\L...}, fedcm:accounts: true, goog:chromeOptions: {debuggerAddress: localhost:52896}, networkConnectionEnabled: false, pageLoadStrategy: normal, platformName: windows, proxy: Proxy(), se:cdp: ws://localhost:52896/devtoo..., se:cdpVersion: 137.0.7151.105, setWindowRect: true, strictFileInteractability: false, timeouts: {implicit: 0, pageLoad: 300000, script: 30000}, unhandledPromptBehavior: dismiss and notify, webauthn:extension:credBlob: true, webauthn:extension:largeBlob: true, webauthn:extension:minPinLength: true, webauthn:extension:prf: true, webauthn:virtualAuthenticators: true}
Element: [[ChromeDriver: chrome on windows (cfc1873e5ea9f044bd4d441c4bdfe402)] -> id: Email]
Session ID: cfc1873e5ea9f044bd4d441c4bdfe402
at java.base/jdk.internal.reflect.DirectConstructorHandleAccessor.newInstance(DirectConstructorHandleAccessor.java:67)
at java.base/java.lang.reflect.Constructor.newInstanceWithCaller(Constructor.java:500)
at java.base/java.lang.reflect.Constructor.newInstance(Constructor.java:484)
at org.openqa.selenium.remote.ErrorCodec.decode(ErrorCodec.java:167)
at org.openqa.selenium.remote.codec.w3c.W3CHttpResponseCodec.decode(W3CHttpResponseCodec.java:138)
at org.openqa.selenium.remote.codec.w3c.W3CHttpResponseCodec.decode(W3CHttpResponseCodec.java:50)
at org.openqa.selenium.remote.HttpCommandExecutor.execute(HttpCommandExecutor.java:190)
at org.openqa.selenium.remote.service.DriverCommandExecutor.invokeExecute(DriverCommandExecutor.java:216)
at org.openqa.selenium.remote.service.DriverCommandExecutor.execute(DriverCommandExecutor.java:174)
at org.openqa.selenium.remote.RemoteWebDriver.execute(RemoteWebDriver.java:545)
at org.openqa.selenium.remote.RemoteWebElement.execute(RemoteWebElement.java:223)
at org.openqa.selenium.remote.RemoteWebElement.clear(RemoteWebElement.java:129)
at java.base/jdk.internal.reflect.DirectMethodHandleAccessor.invoke(DirectMethodHandleAccessor.java:104)
at java.base/java.lang.reflect.Method.invoke(Method.java:578)
at org.openqa.selenium.support.pagefactory.internal.LocatingElementHandler.invoke(LocatingElementHandler.java:51)
at jdk.proxy2/jdk.proxy2.$Proxy20.clear(Unknown Source)
at com.Ecommerce.ObjectRepository.LoginPage.invalidloginFunctionality(LoginPage.java:38)
at com.Ecommerce.login.InvalidLoginFunctionalityTest.invalidLoginTest(InvalidLoginFunctionalityTest.java:27)
at java.base/jdk.internal.reflect.DirectMethodHandleAccessor.invoke(DirectMethodHandleAccessor.java:104)
at java.base/java.lang.reflect.Method.invoke(Method.java:578)
at org.testng.internal.MethodInvocationHelper.invokeMethod(MethodInvocationHelper.java:124)
at org.testng.internal.Invoker.invokeMethod(Invoker.java:583)
at org.testng.internal.Invoker.invokeTestMethod(Invoker.java:719)
at org.testng.internal.Invoker.invokeTestMethods(Invoker.java:989)
at org.testng.internal.TestMethodWorker.invokeTestMethods(TestMethodWorker.java:125)
at org.testng.internal.TestMethodWorker.run(TestMethodWorker.java:109)
at org.testng.TestRunner.privateRun(TestRunner.java:648)
at org.testng.TestRunner.run(TestRunner.java:505)
at org.testng.SuiteRunner.runTest(SuiteRunner.java:455)
at org.testng.SuiteRunner.runSequentially(SuiteRunner.java:450)
at org.testng.SuiteRunner.privateRun(SuiteRunner.java:415)
at org.testng.SuiteRunner.run(SuiteRunner.java:364)
at org.testng.SuiteRunnerWorker.runSuite(SuiteRunnerWorker.java:52)
at org.testng.SuiteRunnerWorker.run(SuiteRunnerWorker.java:84)
at org.testng.TestNG.runSuitesSequentially(TestNG.java:1208)
at org.testng.TestNG.runSuitesLocally(TestNG.java:1137)
at org.testng.TestNG.runSuites(TestNG.java:1049)
at org.testng.TestNG.run(TestNG.java:1017)
at org.testng.remote.AbstractRemoteTestNG.run(AbstractRemoteTestNG.java:115)
at org.testng.remote.RemoteTestNG.initAndRun(RemoteTestNG.java:293)
at org.testng.remote.RemoteTestNG.main(RemoteTestNG.java:91)
]]>
            </full-stacktrace>
          </exception> <!-- org.openqa.selenium.StaleElementReferenceException -->
          <reporter-output>
          </reporter-output>
        </test-method> <!-- invalidLoginTest -->
        <test-method signature="invalidLoginTest(java.lang.String, java.lang.String)[pri:0, instance:com.Ecommerce.login.InvalidLoginFunctionalityTest@7a67e3c6]" started-at="2025-06-20T08:17:40Z" name="invalidLoginTest" data-provider="invalidloginData" finished-at="2025-06-20T08:17:42Z" duration-ms="1660" status="PASS">
          <params>
            <param index="0">
              <value>
                <![CDATA[frankgray@watts.com]]>
              </value>
            </param>
            <param index="1">
              <value>
                <![CDATA[6jI7gbJ!@r]]>
              </value>
            </param>
          </params>
          <reporter-output>
          </reporter-output>
        </test-method> <!-- invalidLoginTest -->
        <test-method signature="invalidLoginTest(java.lang.String, java.lang.String)[pri:0, instance:com.Ecommerce.login.InvalidLoginFunctionalityTest@7a67e3c6]" started-at="2025-06-20T08:17:42Z" name="invalidLoginTest" data-provider="invalidloginData" finished-at="2025-06-20T08:17:44Z" duration-ms="1687" status="PASS">
          <params>
            <param index="0">
              <value>
                <![CDATA[trujillorichard@clark.com]]>
              </value>
            </param>
            <param index="1">
              <value>
                <![CDATA[)A8Epsn6*)]]>
              </value>
            </param>
          </params>
          <reporter-output>
          </reporter-output>
        </test-method> <!-- invalidLoginTest -->
        <test-method signature="invalidLoginTest(java.lang.String, java.lang.String)[pri:0, instance:com.Ecommerce.login.InvalidLoginFunctionalityTest@7a67e3c6]" started-at="2025-06-20T08:17:44Z" name="invalidLoginTest" data-provider="invalidloginData" finished-at="2025-06-20T08:17:45Z" duration-ms="1497" status="PASS">
          <params>
            <param index="0">
              <value>
                <![CDATA[pfoster@thomas-taylor.net]]>
              </value>
            </param>
            <param index="1">
              <value>
                <![CDATA[#uj2bN6adG]]>
              </value>
            </param>
          </params>
          <reporter-output>
          </reporter-output>
        </test-method> <!-- invalidLoginTest -->
        <test-method signature="invalidLoginTest(java.lang.String, java.lang.String)[pri:0, instance:com.Ecommerce.login.InvalidLoginFunctionalityTest@7a67e3c6]" started-at="2025-06-20T08:17:45Z" name="invalidLoginTest" data-provider="invalidloginData" finished-at="2025-06-20T08:17:48Z" duration-ms="2593" status="PASS">
          <params>
            <param index="0">
              <value>
                <![CDATA[zhurst@yahoo.com]]>
              </value>
            </param>
            <param index="1">
              <value>
                <![CDATA[%3H^aDPcoC]]>
              </value>
            </param>
          </params>
          <reporter-output>
          </reporter-output>
        </test-method> <!-- invalidLoginTest -->
        <test-method signature="invalidLoginTest(java.lang.String, java.lang.String)[pri:0, instance:com.Ecommerce.login.InvalidLoginFunctionalityTest@7a67e3c6]" started-at="2025-06-20T08:17:48Z" name="invalidLoginTest" data-provider="invalidloginData" finished-at="2025-06-20T08:17:49Z" duration-ms="1613" status="PASS">
          <params>
            <param index="0">
              <value>
                <![CDATA[williamdavis@callahan.com]]>
              </value>
            </param>
            <param index="1">
              <value>
                <![CDATA[WDk4yBd2)K]]>
              </value>
            </param>
          </params>
          <reporter-output>
          </reporter-output>
        </test-method> <!-- invalidLoginTest -->
        <test-method signature="invalidLoginTest(java.lang.String, java.lang.String)[pri:0, instance:com.Ecommerce.login.InvalidLoginFunctionalityTest@7a67e3c6]" started-at="2025-06-20T08:17:49Z" name="invalidLoginTest" data-provider="invalidloginData" finished-at="2025-06-20T08:17:51Z" duration-ms="1637" status="PASS">
          <params>
            <param index="0">
              <value>
                <![CDATA[cruzcaitlin@yahoo.com]]>
              </value>
            </param>
            <param index="1">
              <value>
                <![CDATA[b)5PTCkT2@]]>
              </value>
            </param>
          </params>
          <reporter-output>
          </reporter-output>
        </test-method> <!-- invalidLoginTest -->
        <test-method signature="invalidLoginTest(java.lang.String, java.lang.String)[pri:0, instance:com.Ecommerce.login.InvalidLoginFunctionalityTest@7a67e3c6]" started-at="2025-06-20T08:17:51Z" name="invalidLoginTest" data-provider="invalidloginData" finished-at="2025-06-20T08:17:53Z" duration-ms="1597" status="PASS">
          <params>
            <param index="0">
              <value>
                <![CDATA[frazierdanny@hotmail.com]]>
              </value>
            </param>
            <param index="1">
              <value>
                <![CDATA[98AajK3N&k]]>
              </value>
            </param>
          </params>
          <reporter-output>
          </reporter-output>
        </test-method> <!-- invalidLoginTest -->
        <test-method signature="invalidLoginTest(java.lang.String, java.lang.String)[pri:0, instance:com.Ecommerce.login.InvalidLoginFunctionalityTest@7a67e3c6]" started-at="2025-06-20T08:17:53Z" name="invalidLoginTest" data-provider="invalidloginData" finished-at="2025-06-20T08:17:54Z" duration-ms="1647" status="PASS">
          <params>
            <param index="0">
              <value>
                <![CDATA[daniel62@yahoo.com]]>
              </value>
            </param>
            <param index="1">
              <value>
                <![CDATA[mhb92@Kco_]]>
              </value>
            </param>
          </params>
          <reporter-output>
          </reporter-output>
        </test-method> <!-- invalidLoginTest -->
        <test-method signature="invalidLoginTest(java.lang.String, java.lang.String)[pri:0, instance:com.Ecommerce.login.InvalidLoginFunctionalityTest@7a67e3c6]" started-at="2025-06-20T08:17:54Z" name="invalidLoginTest" data-provider="invalidloginData" finished-at="2025-06-20T08:17:56Z" duration-ms="1545" status="PASS">
          <params>
            <param index="0">
              <value>
                <![CDATA[teresa28@harrell.net]]>
              </value>
            </param>
            <param index="1">
              <value>
                <![CDATA[c3Erj4lu&T]]>
              </value>
            </param>
          </params>
          <reporter-output>
          </reporter-output>
        </test-method> <!-- invalidLoginTest -->
        <test-method signature="invalidLoginTest(java.lang.String, java.lang.String)[pri:0, instance:com.Ecommerce.login.InvalidLoginFunctionalityTest@7a67e3c6]" started-at="2025-06-20T08:17:56Z" name="invalidLoginTest" data-provider="invalidloginData" finished-at="2025-06-20T08:17:58Z" duration-ms="2169" status="PASS">
          <params>
            <param index="0">
              <value>
                <![CDATA[nathanielmartin@sellers.com]]>
              </value>
            </param>
            <param index="1">
              <value>
                <![CDATA[rXf9KSsy(7]]>
              </value>
            </param>
          </params>
          <reporter-output>
          </reporter-output>
        </test-method> <!-- invalidLoginTest -->
        <test-method is-config="true" signature="tearDown()[pri:0, instance:com.Ecommerce.login.InvalidLoginFunctionalityTest@7a67e3c6]" started-at="2025-06-20T08:17:58Z" name="tearDown" finished-at="2025-06-20T08:17:58Z" duration-ms="249" status="PASS">
          <reporter-output>
          </reporter-output>
        </test-method> <!-- tearDown -->
      </class> <!-- com.Ecommerce.login.InvalidLoginFunctionalityTest -->
      <class name="com.Ecommerce.login.ValidLoginFunctionalityTest">
        <test-method is-config="true" signature="setUp(java.lang.String)[pri:0, instance:com.Ecommerce.login.ValidLoginFunctionalityTest@106cc338]" started-at="2025-06-20T08:17:05Z" name="setUp" finished-at="2025-06-20T08:17:13Z" duration-ms="7951" status="PASS">
          <params>
            <param index="0">
              <value>
                <![CDATA[chrome]]>
              </value>
            </param>
          </params>
          <reporter-output>
          </reporter-output>
        </test-method> <!-- setUp -->
        <test-method signature="loginTest(java.lang.String, java.lang.String)[pri:0, instance:com.Ecommerce.login.ValidLoginFunctionalityTest@106cc338]" started-at="2025-06-20T08:17:13Z" name="loginTest" data-provider="loginData" finished-at="2025-06-20T08:17:16Z" duration-ms="2894" status="PASS">
          <params>
            <param index="0">
              <value>
                <![CDATA[williamrodriguez@hotmail.com]]>
              </value>
            </param>
            <param index="1">
              <value>
                <![CDATA[rXf9KSsy(7]]>
              </value>
            </param>
          </params>
          <reporter-output>
          </reporter-output>
        </test-method> <!-- loginTest -->
        <test-method is-config="true" signature="tearDown()[pri:0, instance:com.Ecommerce.login.ValidLoginFunctionalityTest@106cc338]" started-at="2025-06-20T08:17:16Z" name="tearDown" finished-at="2025-06-20T08:17:16Z" duration-ms="293" status="PASS">
          <reporter-output>
          </reporter-output>
        </test-method> <!-- tearDown -->
      </class> <!-- com.Ecommerce.login.ValidLoginFunctionalityTest -->
      <class name="com.Ecommerce.register.RegisterFunctionalityTest">
        <test-method is-config="true" signature="toConnectServer()[pri:0, instance:com.Ecommerce.register.RegisterFunctionalityTest@401f7633]" started-at="2025-06-20T08:12:51Z" name="toConnectServer" finished-at="2025-06-20T08:12:51Z" duration-ms="25" status="PASS">
          <reporter-output>
            <line>
              <![CDATA[==server connected successfully==]]>
            </line>
          </reporter-output>
        </test-method> <!-- toConnectServer -->
        <test-method is-config="true" signature="toConnectDatabase()[pri:0, instance:com.Ecommerce.register.RegisterFunctionalityTest@401f7633]" started-at="2025-06-20T08:12:51Z" name="toConnectDatabase" finished-at="2025-06-20T08:12:51Z" duration-ms="1" status="PASS">
          <reporter-output>
            <line>
              <![CDATA[==database connected successfully]]>
            </line>
          </reporter-output>
        </test-method> <!-- toConnectDatabase -->
        <test-method is-config="true" signature="setUp(java.lang.String)[pri:0, instance:com.Ecommerce.register.RegisterFunctionalityTest@401f7633]" started-at="2025-06-20T08:12:51Z" name="setUp" finished-at="2025-06-20T08:12:58Z" duration-ms="7532" status="PASS">
          <params>
            <param index="0">
              <value>
                <![CDATA[chrome]]>
              </value>
            </param>
          </params>
          <reporter-output>
          </reporter-output>
        </test-method> <!-- setUp -->
        <test-method signature="registerTest(java.lang.String, java.lang.String, java.lang.String, java.lang.String)[pri:0, instance:com.Ecommerce.register.RegisterFunctionalityTest@401f7633]" started-at="2025-06-20T08:12:59Z" name="registerTest" data-provider="registerData" finished-at="2025-06-20T08:13:03Z" duration-ms="3695" status="PASS">
          <params>
            <param index="0">
              <value>
                <![CDATA[Male]]>
              </value>
            </param>
            <param index="1">
              <value>
                <![CDATA[Danielle]]>
              </value>
            </param>
            <param index="2">
              <value>
                <![CDATA[Wood]]>
              </value>
            </param>
            <param index="3">
              <value>
                <![CDATA[mhb92@Kco_]]>
              </value>
            </param>
          </params>
          <reporter-output>
          </reporter-output>
        </test-method> <!-- registerTest -->
        <test-method signature="registerTest(java.lang.String, java.lang.String, java.lang.String, java.lang.String)[pri:0, instance:com.Ecommerce.register.RegisterFunctionalityTest@401f7633]" started-at="2025-06-20T08:13:03Z" name="registerTest" data-provider="registerData" finished-at="2025-06-20T08:13:07Z" duration-ms="4056" status="PASS">
          <params>
            <param index="0">
              <value>
                <![CDATA[Male]]>
              </value>
            </param>
            <param index="1">
              <value>
                <![CDATA[Angel]]>
              </value>
            </param>
            <param index="2">
              <value>
                <![CDATA[Clark]]>
              </value>
            </param>
            <param index="3">
              <value>
                <![CDATA[c3Erj4lu&T]]>
              </value>
            </param>
          </params>
          <reporter-output>
          </reporter-output>
        </test-method> <!-- registerTest -->
        <test-method signature="registerTest(java.lang.String, java.lang.String, java.lang.String, java.lang.String)[pri:0, instance:com.Ecommerce.register.RegisterFunctionalityTest@401f7633]" started-at="2025-06-20T08:13:07Z" name="registerTest" data-provider="registerData" finished-at="2025-06-20T08:13:20Z" duration-ms="12669" status="FAIL">
          <params>
            <param index="0">
              <value>
                <![CDATA[Female]]>
              </value>
            </param>
            <param index="1">
              <value>
                <![CDATA[Joshua]]>
              </value>
            </param>
            <param index="2">
              <value>
                <![CDATA[Adams]]>
              </value>
            </param>
            <param index="3">
              <value>
                <![CDATA[rXf9KSsy(7]]>
              </value>
            </param>
          </params>
          <exception class="org.openqa.selenium.NoSuchElementException">
            <message>
              <![CDATA[no such element: Unable to locate element: {"method":"link text","selector":"Log out"}
  (Session info: chrome=137.0.7151.105)
For documentation on this error, please visit: https://www.selenium.dev/documentation/webdriver/troubleshooting/errors#no-such-element-exception
Build info: version: '4.26.0', revision: '8ccf0219d7'
System info: os.name: 'Windows 11', os.arch: 'amd64', os.version: '10.0', java.version: '20.0.2'
Driver info: org.openqa.selenium.chrome.ChromeDriver
Command: [ff34e2c68e00b96d9c9cabfc5ecd3a3d, findElement {value=Log out, using=link text}]
Capabilities {acceptInsecureCerts: false, browserName: chrome, browserVersion: 137.0.7151.105, chrome: {chromedriverVersion: 137.0.7151.119 (e0ac9d12dff..., userDataDir: C:\Users\AMANSI~1\AppData\L...}, fedcm:accounts: true, goog:chromeOptions: {debuggerAddress: localhost:52814}, networkConnectionEnabled: false, pageLoadStrategy: normal, platformName: windows, proxy: Proxy(), se:cdp: ws://localhost:52814/devtoo..., se:cdpVersion: 137.0.7151.105, setWindowRect: true, strictFileInteractability: false, timeouts: {implicit: 0, pageLoad: 300000, script: 30000}, unhandledPromptBehavior: dismiss and notify, webauthn:extension:credBlob: true, webauthn:extension:largeBlob: true, webauthn:extension:minPinLength: true, webauthn:extension:prf: true, webauthn:virtualAuthenticators: true}
Session ID: ff34e2c68e00b96d9c9cabfc5ecd3a3d]]>
            </message>
            <full-stacktrace>
              <![CDATA[org.openqa.selenium.NoSuchElementException: no such element: Unable to locate element: {"method":"link text","selector":"Log out"}
  (Session info: chrome=137.0.7151.105)
For documentation on this error, please visit: https://www.selenium.dev/documentation/webdriver/troubleshooting/errors#no-such-element-exception
Build info: version: '4.26.0', revision: '8ccf0219d7'
System info: os.name: 'Windows 11', os.arch: 'amd64', os.version: '10.0', java.version: '20.0.2'
Driver info: org.openqa.selenium.chrome.ChromeDriver
Command: [ff34e2c68e00b96d9c9cabfc5ecd3a3d, findElement {value=Log out, using=link text}]
Capabilities {acceptInsecureCerts: false, browserName: chrome, browserVersion: 137.0.7151.105, chrome: {chromedriverVersion: 137.0.7151.119 (e0ac9d12dff..., userDataDir: C:\Users\AMANSI~1\AppData\L...}, fedcm:accounts: true, goog:chromeOptions: {debuggerAddress: localhost:52814}, networkConnectionEnabled: false, pageLoadStrategy: normal, platformName: windows, proxy: Proxy(), se:cdp: ws://localhost:52814/devtoo..., se:cdpVersion: 137.0.7151.105, setWindowRect: true, strictFileInteractability: false, timeouts: {implicit: 0, pageLoad: 300000, script: 30000}, unhandledPromptBehavior: dismiss and notify, webauthn:extension:credBlob: true, webauthn:extension:largeBlob: true, webauthn:extension:minPinLength: true, webauthn:extension:prf: true, webauthn:virtualAuthenticators: true}
Session ID: ff34e2c68e00b96d9c9cabfc5ecd3a3d
at java.base/jdk.internal.reflect.DirectConstructorHandleAccessor.newInstance(DirectConstructorHandleAccessor.java:67)
at java.base/java.lang.reflect.Constructor.newInstanceWithCaller(Constructor.java:500)
at java.base/java.lang.reflect.Constructor.newInstance(Constructor.java:484)
at org.openqa.selenium.remote.ErrorCodec.decode(ErrorCodec.java:167)
at org.openqa.selenium.remote.codec.w3c.W3CHttpResponseCodec.decode(W3CHttpResponseCodec.java:138)
at org.openqa.selenium.remote.codec.w3c.W3CHttpResponseCodec.decode(W3CHttpResponseCodec.java:50)
at org.openqa.selenium.remote.HttpCommandExecutor.execute(HttpCommandExecutor.java:190)
at org.openqa.selenium.remote.service.DriverCommandExecutor.invokeExecute(DriverCommandExecutor.java:216)
at org.openqa.selenium.remote.service.DriverCommandExecutor.execute(DriverCommandExecutor.java:174)
at org.openqa.selenium.remote.RemoteWebDriver.execute(RemoteWebDriver.java:545)
at org.openqa.selenium.remote.ElementLocation$ElementFinder$2.findElement(ElementLocation.java:165)
at org.openqa.selenium.remote.ElementLocation.findElement(ElementLocation.java:59)
at org.openqa.selenium.remote.RemoteWebDriver.findElement(RemoteWebDriver.java:368)
at org.openqa.selenium.remote.RemoteWebDriver.findElement(RemoteWebDriver.java:362)
at org.openqa.selenium.support.pagefactory.DefaultElementLocator.findElement(DefaultElementLocator.java:68)
at org.openqa.selenium.support.pagefactory.internal.LocatingElementHandler.invoke(LocatingElementHandler.java:38)
at jdk.proxy2/jdk.proxy2.$Proxy20.click(Unknown Source)
at com.Ecommerce.ObjectRepository.RegisterPage.registerFunctionality(RegisterPage.java:53)
at com.Ecommerce.register.RegisterFunctionalityTest.registerTest(RegisterFunctionalityTest.java:28)
at java.base/jdk.internal.reflect.DirectMethodHandleAccessor.invoke(DirectMethodHandleAccessor.java:104)
at java.base/java.lang.reflect.Method.invoke(Method.java:578)
at org.testng.internal.MethodInvocationHelper.invokeMethod(MethodInvocationHelper.java:124)
at org.testng.internal.Invoker.invokeMethod(Invoker.java:583)
at org.testng.internal.Invoker.invokeTestMethod(Invoker.java:719)
at org.testng.internal.Invoker.invokeTestMethods(Invoker.java:989)
at org.testng.internal.TestMethodWorker.invokeTestMethods(TestMethodWorker.java:125)
at org.testng.internal.TestMethodWorker.run(TestMethodWorker.java:109)
at org.testng.TestRunner.privateRun(TestRunner.java:648)
at org.testng.TestRunner.run(TestRunner.java:505)
at org.testng.SuiteRunner.runTest(SuiteRunner.java:455)
at org.testng.SuiteRunner.runSequentially(SuiteRunner.java:450)
at org.testng.SuiteRunner.privateRun(SuiteRunner.java:415)
at org.testng.SuiteRunner.run(SuiteRunner.java:364)
at org.testng.SuiteRunnerWorker.runSuite(SuiteRunnerWorker.java:52)
at org.testng.SuiteRunnerWorker.run(SuiteRunnerWorker.java:84)
at org.testng.TestNG.runSuitesSequentially(TestNG.java:1208)
at org.testng.TestNG.runSuitesLocally(TestNG.java:1137)
at org.testng.TestNG.runSuites(TestNG.java:1049)
at org.testng.TestNG.run(TestNG.java:1017)
at org.testng.remote.AbstractRemoteTestNG.run(AbstractRemoteTestNG.java:115)
at org.testng.remote.RemoteTestNG.initAndRun(RemoteTestNG.java:293)
at org.testng.remote.RemoteTestNG.main(RemoteTestNG.java:91)
]]>
            </full-stacktrace>
          </exception> <!-- org.openqa.selenium.NoSuchElementException -->
          <reporter-output>
          </reporter-output>
        </test-method> <!-- registerTest -->
        <test-method signature="registerTest(java.lang.String, java.lang.String, java.lang.String, java.lang.String)[pri:0, instance:com.Ecommerce.register.RegisterFunctionalityTest@401f7633]" started-at="2025-06-20T08:13:20Z" name="registerTest" data-provider="registerData" finished-at="2025-06-20T08:13:44Z" duration-ms="24295" status="PASS">
          <params>
            <param index="0">
              <value>
                <![CDATA[Male]]>
              </value>
            </param>
            <param index="1">
              <value>
                <![CDATA[Jeffrey]]>
              </value>
            </param>
            <param index="2">
              <value>
                <![CDATA[Zuniga]]>
              </value>
            </param>
            <param index="3">
              <value>
                <![CDATA[^98BR3Io_%]]>
              </value>
            </param>
          </params>
          <reporter-output>
          </reporter-output>
        </test-method> <!-- registerTest -->
        <test-method signature="registerTest(java.lang.String, java.lang.String, java.lang.String, java.lang.String)[pri:0, instance:com.Ecommerce.register.RegisterFunctionalityTest@401f7633]" started-at="2025-06-20T08:13:44Z" name="registerTest" data-provider="registerData" finished-at="2025-06-20T08:13:49Z" duration-ms="4644" status="PASS">
          <params>
            <param index="0">
              <value>
                <![CDATA[Male]]>
              </value>
            </param>
            <param index="1">
              <value>
                <![CDATA[Jill]]>
              </value>
            </param>
            <param index="2">
              <value>
                <![CDATA[Wong]]>
              </value>
            </param>
            <param index="3">
              <value>
                <![CDATA[GiwGrUnv&0]]>
              </value>
            </param>
          </params>
          <reporter-output>
          </reporter-output>
        </test-method> <!-- registerTest -->
        <test-method signature="registerTest(java.lang.String, java.lang.String, java.lang.String, java.lang.String)[pri:0, instance:com.Ecommerce.register.RegisterFunctionalityTest@401f7633]" started-at="2025-06-20T08:13:49Z" name="registerTest" data-provider="registerData" finished-at="2025-06-20T08:13:55Z" duration-ms="6335" status="PASS">
          <params>
            <param index="0">
              <value>
                <![CDATA[Male]]>
              </value>
            </param>
            <param index="1">
              <value>
                <![CDATA[Erica]]>
              </value>
            </param>
            <param index="2">
              <value>
                <![CDATA[Lynch]]>
              </value>
            </param>
            <param index="3">
              <value>
                <![CDATA[*IblfonyR3]]>
              </value>
            </param>
          </params>
          <reporter-output>
          </reporter-output>
        </test-method> <!-- registerTest -->
        <test-method signature="registerTest(java.lang.String, java.lang.String, java.lang.String, java.lang.String)[pri:0, instance:com.Ecommerce.register.RegisterFunctionalityTest@401f7633]" started-at="2025-06-20T08:13:55Z" name="registerTest" data-provider="registerData" finished-at="2025-06-20T08:14:00Z" duration-ms="4302" status="PASS">
          <params>
            <param index="0">
              <value>
                <![CDATA[Male]]>
              </value>
            </param>
            <param index="1">
              <value>
                <![CDATA[Patricia]]>
              </value>
            </param>
            <param index="2">
              <value>
                <![CDATA[Jackson]]>
              </value>
            </param>
            <param index="3">
              <value>
                <![CDATA[7CLFrbwJ#M]]>
              </value>
            </param>
          </params>
          <reporter-output>
          </reporter-output>
        </test-method> <!-- registerTest -->
        <test-method signature="registerTest(java.lang.String, java.lang.String, java.lang.String, java.lang.String)[pri:0, instance:com.Ecommerce.register.RegisterFunctionalityTest@401f7633]" started-at="2025-06-20T08:14:00Z" name="registerTest" data-provider="registerData" finished-at="2025-06-20T08:14:03Z" duration-ms="3829" status="PASS">
          <params>
            <param index="0">
              <value>
                <![CDATA[Male]]>
              </value>
            </param>
            <param index="1">
              <value>
                <![CDATA[Christopher]]>
              </value>
            </param>
            <param index="2">
              <value>
                <![CDATA[Daniel]]>
              </value>
            </param>
            <param index="3">
              <value>
                <![CDATA[##1oYuN(w_]]>
              </value>
            </param>
          </params>
          <reporter-output>
          </reporter-output>
        </test-method> <!-- registerTest -->
        <test-method signature="registerTest(java.lang.String, java.lang.String, java.lang.String, java.lang.String)[pri:0, instance:com.Ecommerce.register.RegisterFunctionalityTest@401f7633]" started-at="2025-06-20T08:14:03Z" name="registerTest" data-provider="registerData" finished-at="2025-06-20T08:14:10Z" duration-ms="6698" status="PASS">
          <params>
            <param index="0">
              <value>
                <![CDATA[Female]]>
              </value>
            </param>
            <param index="1">
              <value>
                <![CDATA[Robert]]>
              </value>
            </param>
            <param index="2">
              <value>
                <![CDATA[Martin]]>
              </value>
            </param>
            <param index="3">
              <value>
                <![CDATA[x)@1YwHe^f]]>
              </value>
            </param>
          </params>
          <reporter-output>
          </reporter-output>
        </test-method> <!-- registerTest -->
        <test-method signature="registerTest(java.lang.String, java.lang.String, java.lang.String, java.lang.String)[pri:0, instance:com.Ecommerce.register.RegisterFunctionalityTest@401f7633]" started-at="2025-06-20T08:14:10Z" name="registerTest" data-provider="registerData" finished-at="2025-06-20T08:14:14Z" duration-ms="4206" status="PASS">
          <params>
            <param index="0">
              <value>
                <![CDATA[Male]]>
              </value>
            </param>
            <param index="1">
              <value>
                <![CDATA[Anthony]]>
              </value>
            </param>
            <param index="2">
              <value>
                <![CDATA[Gray]]>
              </value>
            </param>
            <param index="3">
              <value>
                <![CDATA[DJ9PDoZb@Z]]>
              </value>
            </param>
          </params>
          <reporter-output>
          </reporter-output>
        </test-method> <!-- registerTest -->
        <test-method signature="registerTest(java.lang.String, java.lang.String, java.lang.String, java.lang.String)[pri:0, instance:com.Ecommerce.register.RegisterFunctionalityTest@401f7633]" started-at="2025-06-20T08:14:14Z" name="registerTest" data-provider="registerData" finished-at="2025-06-20T08:14:19Z" duration-ms="4782" status="PASS">
          <params>
            <param index="0">
              <value>
                <![CDATA[Male]]>
              </value>
            </param>
            <param index="1">
              <value>
                <![CDATA[Jeffery]]>
              </value>
            </param>
            <param index="2">
              <value>
                <![CDATA[Mayo]]>
              </value>
            </param>
            <param index="3">
              <value>
                <![CDATA[ujMnV4Tz8_]]>
              </value>
            </param>
          </params>
          <reporter-output>
          </reporter-output>
        </test-method> <!-- registerTest -->
        <test-method signature="registerTest(java.lang.String, java.lang.String, java.lang.String, java.lang.String)[pri:0, instance:com.Ecommerce.register.RegisterFunctionalityTest@401f7633]" started-at="2025-06-20T08:14:19Z" name="registerTest" data-provider="registerData" finished-at="2025-06-20T08:14:24Z" duration-ms="4715" status="PASS">
          <params>
            <param index="0">
              <value>
                <![CDATA[Male]]>
              </value>
            </param>
            <param index="1">
              <value>
                <![CDATA[William]]>
              </value>
            </param>
            <param index="2">
              <value>
                <![CDATA[Bowman]]>
              </value>
            </param>
            <param index="3">
              <value>
                <![CDATA[OE77WrKf!5]]>
              </value>
            </param>
          </params>
          <reporter-output>
          </reporter-output>
        </test-method> <!-- registerTest -->
        <test-method signature="registerTest(java.lang.String, java.lang.String, java.lang.String, java.lang.String)[pri:0, instance:com.Ecommerce.register.RegisterFunctionalityTest@401f7633]" started-at="2025-06-20T08:14:24Z" name="registerTest" data-provider="registerData" finished-at="2025-06-20T08:14:27Z" duration-ms="3286" status="PASS">
          <params>
            <param index="0">
              <value>
                <![CDATA[Male]]>
              </value>
            </param>
            <param index="1">
              <value>
                <![CDATA[Anthony]]>
              </value>
            </param>
            <param index="2">
              <value>
                <![CDATA[Hawkins]]>
              </value>
            </param>
            <param index="3">
              <value>
                <![CDATA[Ok&47UVw+J]]>
              </value>
            </param>
          </params>
          <reporter-output>
          </reporter-output>
        </test-method> <!-- registerTest -->
        <test-method signature="registerTest(java.lang.String, java.lang.String, java.lang.String, java.lang.String)[pri:0, instance:com.Ecommerce.register.RegisterFunctionalityTest@401f7633]" started-at="2025-06-20T08:14:27Z" name="registerTest" data-provider="registerData" finished-at="2025-06-20T08:14:31Z" duration-ms="3905" status="PASS">
          <params>
            <param index="0">
              <value>
                <![CDATA[Male]]>
              </value>
            </param>
            <param index="1">
              <value>
                <![CDATA[James]]>
              </value>
            </param>
            <param index="2">
              <value>
                <![CDATA[Cohen]]>
              </value>
            </param>
            <param index="3">
              <value>
                <![CDATA[fdg4H2g8V%]]>
              </value>
            </param>
          </params>
          <reporter-output>
          </reporter-output>
        </test-method> <!-- registerTest -->
        <test-method signature="registerTest(java.lang.String, java.lang.String, java.lang.String, java.lang.String)[pri:0, instance:com.Ecommerce.register.RegisterFunctionalityTest@401f7633]" started-at="2025-06-20T08:14:31Z" name="registerTest" data-provider="registerData" finished-at="2025-06-20T08:14:35Z" duration-ms="4037" status="PASS">
          <params>
            <param index="0">
              <value>
                <![CDATA[Male]]>
              </value>
            </param>
            <param index="1">
              <value>
                <![CDATA[Debra]]>
              </value>
            </param>
            <param index="2">
              <value>
                <![CDATA[Cameron]]>
              </value>
            </param>
            <param index="3">
              <value>
                <![CDATA[%e)$L9vfh3]]>
              </value>
            </param>
          </params>
          <reporter-output>
          </reporter-output>
        </test-method> <!-- registerTest -->
        <test-method signature="registerTest(java.lang.String, java.lang.String, java.lang.String, java.lang.String)[pri:0, instance:com.Ecommerce.register.RegisterFunctionalityTest@401f7633]" started-at="2025-06-20T08:14:35Z" name="registerTest" data-provider="registerData" finished-at="2025-06-20T08:14:38Z" duration-ms="3434" status="PASS">
          <params>
            <param index="0">
              <value>
                <![CDATA[Male]]>
              </value>
            </param>
            <param index="1">
              <value>
                <![CDATA[Amy]]>
              </value>
            </param>
            <param index="2">
              <value>
                <![CDATA[Parsons]]>
              </value>
            </param>
            <param index="3">
              <value>
                <![CDATA[x7pKfOUc*m]]>
              </value>
            </param>
          </params>
          <reporter-output>
          </reporter-output>
        </test-method> <!-- registerTest -->
        <test-method signature="registerTest(java.lang.String, java.lang.String, java.lang.String, java.lang.String)[pri:0, instance:com.Ecommerce.register.RegisterFunctionalityTest@401f7633]" started-at="2025-06-20T08:14:38Z" name="registerTest" data-provider="registerData" finished-at="2025-06-20T08:14:43Z" duration-ms="4503" status="PASS">
          <params>
            <param index="0">
              <value>
                <![CDATA[Female]]>
              </value>
            </param>
            <param index="1">
              <value>
                <![CDATA[Jeffrey]]>
              </value>
            </param>
            <param index="2">
              <value>
                <![CDATA[Perez]]>
              </value>
            </param>
            <param index="3">
              <value>
                <![CDATA[X&9TzVJU%x]]>
              </value>
            </param>
          </params>
          <reporter-output>
          </reporter-output>
        </test-method> <!-- registerTest -->
        <test-method signature="registerTest(java.lang.String, java.lang.String, java.lang.String, java.lang.String)[pri:0, instance:com.Ecommerce.register.RegisterFunctionalityTest@401f7633]" started-at="2025-06-20T08:14:43Z" name="registerTest" data-provider="registerData" finished-at="2025-06-20T08:14:47Z" duration-ms="3657" status="PASS">
          <params>
            <param index="0">
              <value>
                <![CDATA[Male]]>
              </value>
            </param>
            <param index="1">
              <value>
                <![CDATA[Bridget]]>
              </value>
            </param>
            <param index="2">
              <value>
                <![CDATA[Johnson]]>
              </value>
            </param>
            <param index="3">
              <value>
                <![CDATA[+Id2R9cp^$]]>
              </value>
            </param>
          </params>
          <reporter-output>
          </reporter-output>
        </test-method> <!-- registerTest -->
        <test-method signature="registerTest(java.lang.String, java.lang.String, java.lang.String, java.lang.String)[pri:0, instance:com.Ecommerce.register.RegisterFunctionalityTest@401f7633]" started-at="2025-06-20T08:14:47Z" name="registerTest" data-provider="registerData" finished-at="2025-06-20T08:14:51Z" duration-ms="4007" status="PASS">
          <params>
            <param index="0">
              <value>
                <![CDATA[Female]]>
              </value>
            </param>
            <param index="1">
              <value>
                <![CDATA[Lisa]]>
              </value>
            </param>
            <param index="2">
              <value>
                <![CDATA[Stewart]]>
              </value>
            </param>
            <param index="3">
              <value>
                <![CDATA[+7_%8WHu@M]]>
              </value>
            </param>
          </params>
          <reporter-output>
          </reporter-output>
        </test-method> <!-- registerTest -->
        <test-method signature="registerTest(java.lang.String, java.lang.String, java.lang.String, java.lang.String)[pri:0, instance:com.Ecommerce.register.RegisterFunctionalityTest@401f7633]" started-at="2025-06-20T08:14:51Z" name="registerTest" data-provider="registerData" finished-at="2025-06-20T08:14:54Z" duration-ms="3499" status="PASS">
          <params>
            <param index="0">
              <value>
                <![CDATA[Female]]>
              </value>
            </param>
            <param index="1">
              <value>
                <![CDATA[Adam]]>
              </value>
            </param>
            <param index="2">
              <value>
                <![CDATA[Adams]]>
              </value>
            </param>
            <param index="3">
              <value>
                <![CDATA[*gT@bbpV@1]]>
              </value>
            </param>
          </params>
          <reporter-output>
          </reporter-output>
        </test-method> <!-- registerTest -->
        <test-method signature="registerTest(java.lang.String, java.lang.String, java.lang.String, java.lang.String)[pri:0, instance:com.Ecommerce.register.RegisterFunctionalityTest@401f7633]" started-at="2025-06-20T08:14:54Z" name="registerTest" data-provider="registerData" finished-at="2025-06-20T08:14:58Z" duration-ms="3502" status="PASS">
          <params>
            <param index="0">
              <value>
                <![CDATA[Male]]>
              </value>
            </param>
            <param index="1">
              <value>
                <![CDATA[Linda]]>
              </value>
            </param>
            <param index="2">
              <value>
                <![CDATA[Clark]]>
              </value>
            </param>
            <param index="3">
              <value>
                <![CDATA[t1VY*8Uobp]]>
              </value>
            </param>
          </params>
          <reporter-output>
          </reporter-output>
        </test-method> <!-- registerTest -->
        <test-method signature="registerTest(java.lang.String, java.lang.String, java.lang.String, java.lang.String)[pri:0, instance:com.Ecommerce.register.RegisterFunctionalityTest@401f7633]" started-at="2025-06-20T08:14:58Z" name="registerTest" data-provider="registerData" finished-at="2025-06-20T08:15:01Z" duration-ms="3453" status="PASS">
          <params>
            <param index="0">
              <value>
                <![CDATA[Male]]>
              </value>
            </param>
            <param index="1">
              <value>
                <![CDATA[Helen]]>
              </value>
            </param>
            <param index="2">
              <value>
                <![CDATA[Hahn]]>
              </value>
            </param>
            <param index="3">
              <value>
                <![CDATA[_&6Yjrn!6M]]>
              </value>
            </param>
          </params>
          <reporter-output>
          </reporter-output>
        </test-method> <!-- registerTest -->
        <test-method signature="registerTest(java.lang.String, java.lang.String, java.lang.String, java.lang.String)[pri:0, instance:com.Ecommerce.register.RegisterFunctionalityTest@401f7633]" started-at="2025-06-20T08:15:01Z" name="registerTest" data-provider="registerData" finished-at="2025-06-20T08:15:13Z" duration-ms="11938" status="FAIL">
          <params>
            <param index="0">
              <value>
                <![CDATA[Female]]>
              </value>
            </param>
            <param index="1">
              <value>
                <![CDATA[Matthew]]>
              </value>
            </param>
            <param index="2">
              <value>
                <![CDATA[Walter]]>
              </value>
            </param>
            <param index="3">
              <value>
                <![CDATA[73Uuod(y)5]]>
              </value>
            </param>
          </params>
          <exception class="org.openqa.selenium.NoSuchElementException">
            <message>
              <![CDATA[no such element: Unable to locate element: {"method":"link text","selector":"Log out"}
  (Session info: chrome=137.0.7151.105)
For documentation on this error, please visit: https://www.selenium.dev/documentation/webdriver/troubleshooting/errors#no-such-element-exception
Build info: version: '4.26.0', revision: '8ccf0219d7'
System info: os.name: 'Windows 11', os.arch: 'amd64', os.version: '10.0', java.version: '20.0.2'
Driver info: org.openqa.selenium.chrome.ChromeDriver
Command: [ff34e2c68e00b96d9c9cabfc5ecd3a3d, findElement {value=Log out, using=link text}]
Capabilities {acceptInsecureCerts: false, browserName: chrome, browserVersion: 137.0.7151.105, chrome: {chromedriverVersion: 137.0.7151.119 (e0ac9d12dff..., userDataDir: C:\Users\AMANSI~1\AppData\L...}, fedcm:accounts: true, goog:chromeOptions: {debuggerAddress: localhost:52814}, networkConnectionEnabled: false, pageLoadStrategy: normal, platformName: windows, proxy: Proxy(), se:cdp: ws://localhost:52814/devtoo..., se:cdpVersion: 137.0.7151.105, setWindowRect: true, strictFileInteractability: false, timeouts: {implicit: 0, pageLoad: 300000, script: 30000}, unhandledPromptBehavior: dismiss and notify, webauthn:extension:credBlob: true, webauthn:extension:largeBlob: true, webauthn:extension:minPinLength: true, webauthn:extension:prf: true, webauthn:virtualAuthenticators: true}
Session ID: ff34e2c68e00b96d9c9cabfc5ecd3a3d]]>
            </message>
            <full-stacktrace>
              <![CDATA[org.openqa.selenium.NoSuchElementException: no such element: Unable to locate element: {"method":"link text","selector":"Log out"}
  (Session info: chrome=137.0.7151.105)
For documentation on this error, please visit: https://www.selenium.dev/documentation/webdriver/troubleshooting/errors#no-such-element-exception
Build info: version: '4.26.0', revision: '8ccf0219d7'
System info: os.name: 'Windows 11', os.arch: 'amd64', os.version: '10.0', java.version: '20.0.2'
Driver info: org.openqa.selenium.chrome.ChromeDriver
Command: [ff34e2c68e00b96d9c9cabfc5ecd3a3d, findElement {value=Log out, using=link text}]
Capabilities {acceptInsecureCerts: false, browserName: chrome, browserVersion: 137.0.7151.105, chrome: {chromedriverVersion: 137.0.7151.119 (e0ac9d12dff..., userDataDir: C:\Users\AMANSI~1\AppData\L...}, fedcm:accounts: true, goog:chromeOptions: {debuggerAddress: localhost:52814}, networkConnectionEnabled: false, pageLoadStrategy: normal, platformName: windows, proxy: Proxy(), se:cdp: ws://localhost:52814/devtoo..., se:cdpVersion: 137.0.7151.105, setWindowRect: true, strictFileInteractability: false, timeouts: {implicit: 0, pageLoad: 300000, script: 30000}, unhandledPromptBehavior: dismiss and notify, webauthn:extension:credBlob: true, webauthn:extension:largeBlob: true, webauthn:extension:minPinLength: true, webauthn:extension:prf: true, webauthn:virtualAuthenticators: true}
Session ID: ff34e2c68e00b96d9c9cabfc5ecd3a3d
at java.base/jdk.internal.reflect.DirectConstructorHandleAccessor.newInstance(DirectConstructorHandleAccessor.java:67)
at java.base/java.lang.reflect.Constructor.newInstanceWithCaller(Constructor.java:500)
at java.base/java.lang.reflect.Constructor.newInstance(Constructor.java:484)
at org.openqa.selenium.remote.ErrorCodec.decode(ErrorCodec.java:167)
at org.openqa.selenium.remote.codec.w3c.W3CHttpResponseCodec.decode(W3CHttpResponseCodec.java:138)
at org.openqa.selenium.remote.codec.w3c.W3CHttpResponseCodec.decode(W3CHttpResponseCodec.java:50)
at org.openqa.selenium.remote.HttpCommandExecutor.execute(HttpCommandExecutor.java:190)
at org.openqa.selenium.remote.service.DriverCommandExecutor.invokeExecute(DriverCommandExecutor.java:216)
at org.openqa.selenium.remote.service.DriverCommandExecutor.execute(DriverCommandExecutor.java:174)
at org.openqa.selenium.remote.RemoteWebDriver.execute(RemoteWebDriver.java:545)
at org.openqa.selenium.remote.ElementLocation$ElementFinder$2.findElement(ElementLocation.java:165)
at org.openqa.selenium.remote.ElementLocation.findElement(ElementLocation.java:59)
at org.openqa.selenium.remote.RemoteWebDriver.findElement(RemoteWebDriver.java:368)
at org.openqa.selenium.remote.RemoteWebDriver.findElement(RemoteWebDriver.java:362)
at org.openqa.selenium.support.pagefactory.DefaultElementLocator.findElement(DefaultElementLocator.java:68)
at org.openqa.selenium.support.pagefactory.internal.LocatingElementHandler.invoke(LocatingElementHandler.java:38)
at jdk.proxy2/jdk.proxy2.$Proxy20.click(Unknown Source)
at com.Ecommerce.ObjectRepository.RegisterPage.registerFunctionality(RegisterPage.java:53)
at com.Ecommerce.register.RegisterFunctionalityTest.registerTest(RegisterFunctionalityTest.java:28)
at java.base/jdk.internal.reflect.DirectMethodHandleAccessor.invoke(DirectMethodHandleAccessor.java:104)
at java.base/java.lang.reflect.Method.invoke(Method.java:578)
at org.testng.internal.MethodInvocationHelper.invokeMethod(MethodInvocationHelper.java:124)
at org.testng.internal.Invoker.invokeMethod(Invoker.java:583)
at org.testng.internal.Invoker.invokeTestMethod(Invoker.java:719)
at org.testng.internal.Invoker.invokeTestMethods(Invoker.java:989)
at org.testng.internal.TestMethodWorker.invokeTestMethods(TestMethodWorker.java:125)
at org.testng.internal.TestMethodWorker.run(TestMethodWorker.java:109)
at org.testng.TestRunner.privateRun(TestRunner.java:648)
at org.testng.TestRunner.run(TestRunner.java:505)
at org.testng.SuiteRunner.runTest(SuiteRunner.java:455)
at org.testng.SuiteRunner.runSequentially(SuiteRunner.java:450)
at org.testng.SuiteRunner.privateRun(SuiteRunner.java:415)
at org.testng.SuiteRunner.run(SuiteRunner.java:364)
at org.testng.SuiteRunnerWorker.runSuite(SuiteRunnerWorker.java:52)
at org.testng.SuiteRunnerWorker.run(SuiteRunnerWorker.java:84)
at org.testng.TestNG.runSuitesSequentially(TestNG.java:1208)
at org.testng.TestNG.runSuitesLocally(TestNG.java:1137)
at org.testng.TestNG.runSuites(TestNG.java:1049)
at org.testng.TestNG.run(TestNG.java:1017)
at org.testng.remote.AbstractRemoteTestNG.run(AbstractRemoteTestNG.java:115)
at org.testng.remote.RemoteTestNG.initAndRun(RemoteTestNG.java:293)
at org.testng.remote.RemoteTestNG.main(RemoteTestNG.java:91)
]]>
            </full-stacktrace>
          </exception> <!-- org.openqa.selenium.NoSuchElementException -->
          <reporter-output>
          </reporter-output>
        </test-method> <!-- registerTest -->
        <test-method signature="registerTest(java.lang.String, java.lang.String, java.lang.String, java.lang.String)[pri:0, instance:com.Ecommerce.register.RegisterFunctionalityTest@401f7633]" started-at="2025-06-20T08:15:13Z" name="registerTest" data-provider="registerData" finished-at="2025-06-20T08:15:17Z" duration-ms="3536" status="PASS">
          <params>
            <param index="0">
              <value>
                <![CDATA[Female]]>
              </value>
            </param>
            <param index="1">
              <value>
                <![CDATA[Eric]]>
              </value>
            </param>
            <param index="2">
              <value>
                <![CDATA[Edwards]]>
              </value>
            </param>
            <param index="3">
              <value>
                <![CDATA[zt6CnOfh(n]]>
              </value>
            </param>
          </params>
          <reporter-output>
          </reporter-output>
        </test-method> <!-- registerTest -->
        <test-method signature="registerTest(java.lang.String, java.lang.String, java.lang.String, java.lang.String)[pri:0, instance:com.Ecommerce.register.RegisterFunctionalityTest@401f7633]" started-at="2025-06-20T08:15:17Z" name="registerTest" data-provider="registerData" finished-at="2025-06-20T08:15:21Z" duration-ms="4324" status="PASS">
          <params>
            <param index="0">
              <value>
                <![CDATA[Female]]>
              </value>
            </param>
            <param index="1">
              <value>
                <![CDATA[Susan]]>
              </value>
            </param>
            <param index="2">
              <value>
                <![CDATA[Rios]]>
              </value>
            </param>
            <param index="3">
              <value>
                <![CDATA[h_TjpDkq&3]]>
              </value>
            </param>
          </params>
          <reporter-output>
          </reporter-output>
        </test-method> <!-- registerTest -->
        <test-method signature="registerTest(java.lang.String, java.lang.String, java.lang.String, java.lang.String)[pri:0, instance:com.Ecommerce.register.RegisterFunctionalityTest@401f7633]" started-at="2025-06-20T08:15:21Z" name="registerTest" data-provider="registerData" finished-at="2025-06-20T08:15:25Z" duration-ms="3919" status="PASS">
          <params>
            <param index="0">
              <value>
                <![CDATA[Male]]>
              </value>
            </param>
            <param index="1">
              <value>
                <![CDATA[Matthew]]>
              </value>
            </param>
            <param index="2">
              <value>
                <![CDATA[Foster]]>
              </value>
            </param>
            <param index="3">
              <value>
                <![CDATA[*F5qy5KrIB]]>
              </value>
            </param>
          </params>
          <reporter-output>
          </reporter-output>
        </test-method> <!-- registerTest -->
        <test-method signature="registerTest(java.lang.String, java.lang.String, java.lang.String, java.lang.String)[pri:0, instance:com.Ecommerce.register.RegisterFunctionalityTest@401f7633]" started-at="2025-06-20T08:15:25Z" name="registerTest" data-provider="registerData" finished-at="2025-06-20T08:15:28Z" duration-ms="3323" status="PASS">
          <params>
            <param index="0">
              <value>
                <![CDATA[Male]]>
              </value>
            </param>
            <param index="1">
              <value>
                <![CDATA[Christopher]]>
              </value>
            </param>
            <param index="2">
              <value>
                <![CDATA[Rocha]]>
              </value>
            </param>
            <param index="3">
              <value>
                <![CDATA[qqKQ8Ska+#]]>
              </value>
            </param>
          </params>
          <reporter-output>
          </reporter-output>
        </test-method> <!-- registerTest -->
        <test-method signature="registerTest(java.lang.String, java.lang.String, java.lang.String, java.lang.String)[pri:0, instance:com.Ecommerce.register.RegisterFunctionalityTest@401f7633]" started-at="2025-06-20T08:15:28Z" name="registerTest" data-provider="registerData" finished-at="2025-06-20T08:15:32Z" duration-ms="3644" status="PASS">
          <params>
            <param index="0">
              <value>
                <![CDATA[Female]]>
              </value>
            </param>
            <param index="1">
              <value>
                <![CDATA[Colin]]>
              </value>
            </param>
            <param index="2">
              <value>
                <![CDATA[Ellis]]>
              </value>
            </param>
            <param index="3">
              <value>
                <![CDATA[p_B1iqKvYu]]>
              </value>
            </param>
          </params>
          <reporter-output>
          </reporter-output>
        </test-method> <!-- registerTest -->
        <test-method signature="registerTest(java.lang.String, java.lang.String, java.lang.String, java.lang.String)[pri:0, instance:com.Ecommerce.register.RegisterFunctionalityTest@401f7633]" started-at="2025-06-20T08:15:32Z" name="registerTest" data-provider="registerData" finished-at="2025-06-20T08:15:35Z" duration-ms="3699" status="PASS">
          <params>
            <param index="0">
              <value>
                <![CDATA[Male]]>
              </value>
            </param>
            <param index="1">
              <value>
                <![CDATA[Melanie]]>
              </value>
            </param>
            <param index="2">
              <value>
                <![CDATA[Baker]]>
              </value>
            </param>
            <param index="3">
              <value>
                <![CDATA[C%E46IAb0#]]>
              </value>
            </param>
          </params>
          <reporter-output>
          </reporter-output>
        </test-method> <!-- registerTest -->
        <test-method signature="registerTest(java.lang.String, java.lang.String, java.lang.String, java.lang.String)[pri:0, instance:com.Ecommerce.register.RegisterFunctionalityTest@401f7633]" started-at="2025-06-20T08:15:35Z" name="registerTest" data-provider="registerData" finished-at="2025-06-20T08:15:40Z" duration-ms="4422" status="PASS">
          <params>
            <param index="0">
              <value>
                <![CDATA[Male]]>
              </value>
            </param>
            <param index="1">
              <value>
                <![CDATA[Cassandra]]>
              </value>
            </param>
            <param index="2">
              <value>
                <![CDATA[Wright]]>
              </value>
            </param>
            <param index="3">
              <value>
                <![CDATA[ZMb)29Hovz]]>
              </value>
            </param>
          </params>
          <reporter-output>
          </reporter-output>
        </test-method> <!-- registerTest -->
        <test-method signature="registerTest(java.lang.String, java.lang.String, java.lang.String, java.lang.String)[pri:0, instance:com.Ecommerce.register.RegisterFunctionalityTest@401f7633]" started-at="2025-06-20T08:15:40Z" name="registerTest" data-provider="registerData" finished-at="2025-06-20T08:15:44Z" duration-ms="3894" status="PASS">
          <params>
            <param index="0">
              <value>
                <![CDATA[Female]]>
              </value>
            </param>
            <param index="1">
              <value>
                <![CDATA[Lindsay]]>
              </value>
            </param>
            <param index="2">
              <value>
                <![CDATA[Hoffman]]>
              </value>
            </param>
            <param index="3">
              <value>
                <![CDATA[&E9dDnHhq7]]>
              </value>
            </param>
          </params>
          <reporter-output>
          </reporter-output>
        </test-method> <!-- registerTest -->
        <test-method signature="registerTest(java.lang.String, java.lang.String, java.lang.String, java.lang.String)[pri:0, instance:com.Ecommerce.register.RegisterFunctionalityTest@401f7633]" started-at="2025-06-20T08:15:44Z" name="registerTest" data-provider="registerData" finished-at="2025-06-20T08:15:47Z" duration-ms="3585" status="PASS">
          <params>
            <param index="0">
              <value>
                <![CDATA[Male]]>
              </value>
            </param>
            <param index="1">
              <value>
                <![CDATA[Jessica]]>
              </value>
            </param>
            <param index="2">
              <value>
                <![CDATA[Baker]]>
              </value>
            </param>
            <param index="3">
              <value>
                <![CDATA[$26hiZ_lY9]]>
              </value>
            </param>
          </params>
          <reporter-output>
          </reporter-output>
        </test-method> <!-- registerTest -->
        <test-method signature="registerTest(java.lang.String, java.lang.String, java.lang.String, java.lang.String)[pri:0, instance:com.Ecommerce.register.RegisterFunctionalityTest@401f7633]" started-at="2025-06-20T08:15:47Z" name="registerTest" data-provider="registerData" finished-at="2025-06-20T08:15:51Z" duration-ms="3332" status="PASS">
          <params>
            <param index="0">
              <value>
                <![CDATA[Female]]>
              </value>
            </param>
            <param index="1">
              <value>
                <![CDATA[Amanda]]>
              </value>
            </param>
            <param index="2">
              <value>
                <![CDATA[Richards]]>
              </value>
            </param>
            <param index="3">
              <value>
                <![CDATA[C+2k2CPj0t]]>
              </value>
            </param>
          </params>
          <reporter-output>
          </reporter-output>
        </test-method> <!-- registerTest -->
        <test-method signature="registerTest(java.lang.String, java.lang.String, java.lang.String, java.lang.String)[pri:0, instance:com.Ecommerce.register.RegisterFunctionalityTest@401f7633]" started-at="2025-06-20T08:15:51Z" name="registerTest" data-provider="registerData" finished-at="2025-06-20T08:15:54Z" duration-ms="3597" status="PASS">
          <params>
            <param index="0">
              <value>
                <![CDATA[Female]]>
              </value>
            </param>
            <param index="1">
              <value>
                <![CDATA[Teresa]]>
              </value>
            </param>
            <param index="2">
              <value>
                <![CDATA[Hurst]]>
              </value>
            </param>
            <param index="3">
              <value>
                <![CDATA[xpfy1EFy@*]]>
              </value>
            </param>
          </params>
          <reporter-output>
          </reporter-output>
        </test-method> <!-- registerTest -->
        <test-method signature="registerTest(java.lang.String, java.lang.String, java.lang.String, java.lang.String)[pri:0, instance:com.Ecommerce.register.RegisterFunctionalityTest@401f7633]" started-at="2025-06-20T08:15:54Z" name="registerTest" data-provider="registerData" finished-at="2025-06-20T08:15:58Z" duration-ms="3836" status="PASS">
          <params>
            <param index="0">
              <value>
                <![CDATA[Female]]>
              </value>
            </param>
            <param index="1">
              <value>
                <![CDATA[Nicholas]]>
              </value>
            </param>
            <param index="2">
              <value>
                <![CDATA[Ross]]>
              </value>
            </param>
            <param index="3">
              <value>
                <![CDATA[&5DTt4vmtA]]>
              </value>
            </param>
          </params>
          <reporter-output>
          </reporter-output>
        </test-method> <!-- registerTest -->
        <test-method signature="registerTest(java.lang.String, java.lang.String, java.lang.String, java.lang.String)[pri:0, instance:com.Ecommerce.register.RegisterFunctionalityTest@401f7633]" started-at="2025-06-20T08:15:58Z" name="registerTest" data-provider="registerData" finished-at="2025-06-20T08:16:02Z" duration-ms="3699" status="PASS">
          <params>
            <param index="0">
              <value>
                <![CDATA[Male]]>
              </value>
            </param>
            <param index="1">
              <value>
                <![CDATA[Andrea]]>
              </value>
            </param>
            <param index="2">
              <value>
                <![CDATA[Robinson]]>
              </value>
            </param>
            <param index="3">
              <value>
                <![CDATA[*!_LbgPdg4]]>
              </value>
            </param>
          </params>
          <reporter-output>
          </reporter-output>
        </test-method> <!-- registerTest -->
        <test-method signature="registerTest(java.lang.String, java.lang.String, java.lang.String, java.lang.String)[pri:0, instance:com.Ecommerce.register.RegisterFunctionalityTest@401f7633]" started-at="2025-06-20T08:16:02Z" name="registerTest" data-provider="registerData" finished-at="2025-06-20T08:16:06Z" duration-ms="3914" status="PASS">
          <params>
            <param index="0">
              <value>
                <![CDATA[Female]]>
              </value>
            </param>
            <param index="1">
              <value>
                <![CDATA[Maria]]>
              </value>
            </param>
            <param index="2">
              <value>
                <![CDATA[Bright]]>
              </value>
            </param>
            <param index="3">
              <value>
                <![CDATA[F&w4*cSwEB]]>
              </value>
            </param>
          </params>
          <reporter-output>
          </reporter-output>
        </test-method> <!-- registerTest -->
        <test-method signature="registerTest(java.lang.String, java.lang.String, java.lang.String, java.lang.String)[pri:0, instance:com.Ecommerce.register.RegisterFunctionalityTest@401f7633]" started-at="2025-06-20T08:16:06Z" name="registerTest" data-provider="registerData" finished-at="2025-06-20T08:16:09Z" duration-ms="3309" status="PASS">
          <params>
            <param index="0">
              <value>
                <![CDATA[Male]]>
              </value>
            </param>
            <param index="1">
              <value>
                <![CDATA[Christine]]>
              </value>
            </param>
            <param index="2">
              <value>
                <![CDATA[Hicks]]>
              </value>
            </param>
            <param index="3">
              <value>
                <![CDATA[!)Z^k33qC0]]>
              </value>
            </param>
          </params>
          <reporter-output>
          </reporter-output>
        </test-method> <!-- registerTest -->
        <test-method signature="registerTest(java.lang.String, java.lang.String, java.lang.String, java.lang.String)[pri:0, instance:com.Ecommerce.register.RegisterFunctionalityTest@401f7633]" started-at="2025-06-20T08:16:09Z" name="registerTest" data-provider="registerData" finished-at="2025-06-20T08:16:13Z" duration-ms="3635" status="PASS">
          <params>
            <param index="0">
              <value>
                <![CDATA[Female]]>
              </value>
            </param>
            <param index="1">
              <value>
                <![CDATA[Michelle]]>
              </value>
            </param>
            <param index="2">
              <value>
                <![CDATA[Davis]]>
              </value>
            </param>
            <param index="3">
              <value>
                <![CDATA[08@@kIBz#g]]>
              </value>
            </param>
          </params>
          <reporter-output>
          </reporter-output>
        </test-method> <!-- registerTest -->
        <test-method signature="registerTest(java.lang.String, java.lang.String, java.lang.String, java.lang.String)[pri:0, instance:com.Ecommerce.register.RegisterFunctionalityTest@401f7633]" started-at="2025-06-20T08:16:13Z" name="registerTest" data-provider="registerData" finished-at="2025-06-20T08:16:17Z" duration-ms="4016" status="PASS">
          <params>
            <param index="0">
              <value>
                <![CDATA[Male]]>
              </value>
            </param>
            <param index="1">
              <value>
                <![CDATA[Barbara]]>
              </value>
            </param>
            <param index="2">
              <value>
                <![CDATA[Williams]]>
              </value>
            </param>
            <param index="3">
              <value>
                <![CDATA[P($jq9Do%N]]>
              </value>
            </param>
          </params>
          <reporter-output>
          </reporter-output>
        </test-method> <!-- registerTest -->
        <test-method signature="registerTest(java.lang.String, java.lang.String, java.lang.String, java.lang.String)[pri:0, instance:com.Ecommerce.register.RegisterFunctionalityTest@401f7633]" started-at="2025-06-20T08:16:17Z" name="registerTest" data-provider="registerData" finished-at="2025-06-20T08:16:20Z" duration-ms="3632" status="PASS">
          <params>
            <param index="0">
              <value>
                <![CDATA[Female]]>
              </value>
            </param>
            <param index="1">
              <value>
                <![CDATA[Janet]]>
              </value>
            </param>
            <param index="2">
              <value>
                <![CDATA[Rodriguez]]>
              </value>
            </param>
            <param index="3">
              <value>
                <![CDATA[8YS2zRCe)d]]>
              </value>
            </param>
          </params>
          <reporter-output>
          </reporter-output>
        </test-method> <!-- registerTest -->
        <test-method signature="registerTest(java.lang.String, java.lang.String, java.lang.String, java.lang.String)[pri:0, instance:com.Ecommerce.register.RegisterFunctionalityTest@401f7633]" started-at="2025-06-20T08:16:20Z" name="registerTest" data-provider="registerData" finished-at="2025-06-20T08:16:24Z" duration-ms="3720" status="PASS">
          <params>
            <param index="0">
              <value>
                <![CDATA[Female]]>
              </value>
            </param>
            <param index="1">
              <value>
                <![CDATA[Brandon]]>
              </value>
            </param>
            <param index="2">
              <value>
                <![CDATA[Burton]]>
              </value>
            </param>
            <param index="3">
              <value>
                <![CDATA[H$6B6KoN&&]]>
              </value>
            </param>
          </params>
          <reporter-output>
          </reporter-output>
        </test-method> <!-- registerTest -->
        <test-method signature="registerTest(java.lang.String, java.lang.String, java.lang.String, java.lang.String)[pri:0, instance:com.Ecommerce.register.RegisterFunctionalityTest@401f7633]" started-at="2025-06-20T08:16:24Z" name="registerTest" data-provider="registerData" finished-at="2025-06-20T08:16:27Z" duration-ms="3408" status="PASS">
          <params>
            <param index="0">
              <value>
                <![CDATA[Male]]>
              </value>
            </param>
            <param index="1">
              <value>
                <![CDATA[Jeremy]]>
              </value>
            </param>
            <param index="2">
              <value>
                <![CDATA[Conner]]>
              </value>
            </param>
            <param index="3">
              <value>
                <![CDATA[T0ISvJt$(r]]>
              </value>
            </param>
          </params>
          <reporter-output>
          </reporter-output>
        </test-method> <!-- registerTest -->
        <test-method signature="registerTest(java.lang.String, java.lang.String, java.lang.String, java.lang.String)[pri:0, instance:com.Ecommerce.register.RegisterFunctionalityTest@401f7633]" started-at="2025-06-20T08:16:27Z" name="registerTest" data-provider="registerData" finished-at="2025-06-20T08:16:33Z" duration-ms="5462" status="PASS">
          <params>
            <param index="0">
              <value>
                <![CDATA[Male]]>
              </value>
            </param>
            <param index="1">
              <value>
                <![CDATA[Keith]]>
              </value>
            </param>
            <param index="2">
              <value>
                <![CDATA[Henderson]]>
              </value>
            </param>
            <param index="3">
              <value>
                <![CDATA[7T(8HJTi#d]]>
              </value>
            </param>
          </params>
          <reporter-output>
          </reporter-output>
        </test-method> <!-- registerTest -->
        <test-method signature="registerTest(java.lang.String, java.lang.String, java.lang.String, java.lang.String)[pri:0, instance:com.Ecommerce.register.RegisterFunctionalityTest@401f7633]" started-at="2025-06-20T08:16:33Z" name="registerTest" data-provider="registerData" finished-at="2025-06-20T08:16:36Z" duration-ms="3504" status="PASS">
          <params>
            <param index="0">
              <value>
                <![CDATA[Male]]>
              </value>
            </param>
            <param index="1">
              <value>
                <![CDATA[Christopher]]>
              </value>
            </param>
            <param index="2">
              <value>
                <![CDATA[Brown]]>
              </value>
            </param>
            <param index="3">
              <value>
                <![CDATA[iuD2_aIw!&]]>
              </value>
            </param>
          </params>
          <reporter-output>
          </reporter-output>
        </test-method> <!-- registerTest -->
        <test-method signature="registerTest(java.lang.String, java.lang.String, java.lang.String, java.lang.String)[pri:0, instance:com.Ecommerce.register.RegisterFunctionalityTest@401f7633]" started-at="2025-06-20T08:16:36Z" name="registerTest" data-provider="registerData" finished-at="2025-06-20T08:16:49Z" duration-ms="12233" status="FAIL">
          <params>
            <param index="0">
              <value>
                <![CDATA[Male]]>
              </value>
            </param>
            <param index="1">
              <value>
                <![CDATA[Jesse]]>
              </value>
            </param>
            <param index="2">
              <value>
                <![CDATA[James]]>
              </value>
            </param>
            <param index="3">
              <value>
                <![CDATA[fjU&2+Lj8^]]>
              </value>
            </param>
          </params>
          <exception class="org.openqa.selenium.NoSuchElementException">
            <message>
              <![CDATA[no such element: Unable to locate element: {"method":"link text","selector":"Log out"}
  (Session info: chrome=137.0.7151.105)
For documentation on this error, please visit: https://www.selenium.dev/documentation/webdriver/troubleshooting/errors#no-such-element-exception
Build info: version: '4.26.0', revision: '8ccf0219d7'
System info: os.name: 'Windows 11', os.arch: 'amd64', os.version: '10.0', java.version: '20.0.2'
Driver info: org.openqa.selenium.chrome.ChromeDriver
Command: [ff34e2c68e00b96d9c9cabfc5ecd3a3d, findElement {value=Log out, using=link text}]
Capabilities {acceptInsecureCerts: false, browserName: chrome, browserVersion: 137.0.7151.105, chrome: {chromedriverVersion: 137.0.7151.119 (e0ac9d12dff..., userDataDir: C:\Users\AMANSI~1\AppData\L...}, fedcm:accounts: true, goog:chromeOptions: {debuggerAddress: localhost:52814}, networkConnectionEnabled: false, pageLoadStrategy: normal, platformName: windows, proxy: Proxy(), se:cdp: ws://localhost:52814/devtoo..., se:cdpVersion: 137.0.7151.105, setWindowRect: true, strictFileInteractability: false, timeouts: {implicit: 0, pageLoad: 300000, script: 30000}, unhandledPromptBehavior: dismiss and notify, webauthn:extension:credBlob: true, webauthn:extension:largeBlob: true, webauthn:extension:minPinLength: true, webauthn:extension:prf: true, webauthn:virtualAuthenticators: true}
Session ID: ff34e2c68e00b96d9c9cabfc5ecd3a3d]]>
            </message>
            <full-stacktrace>
              <![CDATA[org.openqa.selenium.NoSuchElementException: no such element: Unable to locate element: {"method":"link text","selector":"Log out"}
  (Session info: chrome=137.0.7151.105)
For documentation on this error, please visit: https://www.selenium.dev/documentation/webdriver/troubleshooting/errors#no-such-element-exception
Build info: version: '4.26.0', revision: '8ccf0219d7'
System info: os.name: 'Windows 11', os.arch: 'amd64', os.version: '10.0', java.version: '20.0.2'
Driver info: org.openqa.selenium.chrome.ChromeDriver
Command: [ff34e2c68e00b96d9c9cabfc5ecd3a3d, findElement {value=Log out, using=link text}]
Capabilities {acceptInsecureCerts: false, browserName: chrome, browserVersion: 137.0.7151.105, chrome: {chromedriverVersion: 137.0.7151.119 (e0ac9d12dff..., userDataDir: C:\Users\AMANSI~1\AppData\L...}, fedcm:accounts: true, goog:chromeOptions: {debuggerAddress: localhost:52814}, networkConnectionEnabled: false, pageLoadStrategy: normal, platformName: windows, proxy: Proxy(), se:cdp: ws://localhost:52814/devtoo..., se:cdpVersion: 137.0.7151.105, setWindowRect: true, strictFileInteractability: false, timeouts: {implicit: 0, pageLoad: 300000, script: 30000}, unhandledPromptBehavior: dismiss and notify, webauthn:extension:credBlob: true, webauthn:extension:largeBlob: true, webauthn:extension:minPinLength: true, webauthn:extension:prf: true, webauthn:virtualAuthenticators: true}
Session ID: ff34e2c68e00b96d9c9cabfc5ecd3a3d
at java.base/jdk.internal.reflect.DirectConstructorHandleAccessor.newInstance(DirectConstructorHandleAccessor.java:67)
at java.base/java.lang.reflect.Constructor.newInstanceWithCaller(Constructor.java:500)
at java.base/java.lang.reflect.Constructor.newInstance(Constructor.java:484)
at org.openqa.selenium.remote.ErrorCodec.decode(ErrorCodec.java:167)
at org.openqa.selenium.remote.codec.w3c.W3CHttpResponseCodec.decode(W3CHttpResponseCodec.java:138)
at org.openqa.selenium.remote.codec.w3c.W3CHttpResponseCodec.decode(W3CHttpResponseCodec.java:50)
at org.openqa.selenium.remote.HttpCommandExecutor.execute(HttpCommandExecutor.java:190)
at org.openqa.selenium.remote.service.DriverCommandExecutor.invokeExecute(DriverCommandExecutor.java:216)
at org.openqa.selenium.remote.service.DriverCommandExecutor.execute(DriverCommandExecutor.java:174)
at org.openqa.selenium.remote.RemoteWebDriver.execute(RemoteWebDriver.java:545)
at org.openqa.selenium.remote.ElementLocation$ElementFinder$2.findElement(ElementLocation.java:165)
at org.openqa.selenium.remote.ElementLocation.findElement(ElementLocation.java:59)
at org.openqa.selenium.remote.RemoteWebDriver.findElement(RemoteWebDriver.java:368)
at org.openqa.selenium.remote.RemoteWebDriver.findElement(RemoteWebDriver.java:362)
at org.openqa.selenium.support.pagefactory.DefaultElementLocator.findElement(DefaultElementLocator.java:68)
at org.openqa.selenium.support.pagefactory.internal.LocatingElementHandler.invoke(LocatingElementHandler.java:38)
at jdk.proxy2/jdk.proxy2.$Proxy20.click(Unknown Source)
at com.Ecommerce.ObjectRepository.RegisterPage.registerFunctionality(RegisterPage.java:53)
at com.Ecommerce.register.RegisterFunctionalityTest.registerTest(RegisterFunctionalityTest.java:28)
at java.base/jdk.internal.reflect.DirectMethodHandleAccessor.invoke(DirectMethodHandleAccessor.java:104)
at java.base/java.lang.reflect.Method.invoke(Method.java:578)
at org.testng.internal.MethodInvocationHelper.invokeMethod(MethodInvocationHelper.java:124)
at org.testng.internal.Invoker.invokeMethod(Invoker.java:583)
at org.testng.internal.Invoker.invokeTestMethod(Invoker.java:719)
at org.testng.internal.Invoker.invokeTestMethods(Invoker.java:989)
at org.testng.internal.TestMethodWorker.invokeTestMethods(TestMethodWorker.java:125)
at org.testng.internal.TestMethodWorker.run(TestMethodWorker.java:109)
at org.testng.TestRunner.privateRun(TestRunner.java:648)
at org.testng.TestRunner.run(TestRunner.java:505)
at org.testng.SuiteRunner.runTest(SuiteRunner.java:455)
at org.testng.SuiteRunner.runSequentially(SuiteRunner.java:450)
at org.testng.SuiteRunner.privateRun(SuiteRunner.java:415)
at org.testng.SuiteRunner.run(SuiteRunner.java:364)
at org.testng.SuiteRunnerWorker.runSuite(SuiteRunnerWorker.java:52)
at org.testng.SuiteRunnerWorker.run(SuiteRunnerWorker.java:84)
at org.testng.TestNG.runSuitesSequentially(TestNG.java:1208)
at org.testng.TestNG.runSuitesLocally(TestNG.java:1137)
at org.testng.TestNG.runSuites(TestNG.java:1049)
at org.testng.TestNG.run(TestNG.java:1017)
at org.testng.remote.AbstractRemoteTestNG.run(AbstractRemoteTestNG.java:115)
at org.testng.remote.RemoteTestNG.initAndRun(RemoteTestNG.java:293)
at org.testng.remote.RemoteTestNG.main(RemoteTestNG.java:91)
]]>
            </full-stacktrace>
          </exception> <!-- org.openqa.selenium.NoSuchElementException -->
          <reporter-output>
          </reporter-output>
        </test-method> <!-- registerTest -->
        <test-method signature="registerTest(java.lang.String, java.lang.String, java.lang.String, java.lang.String)[pri:0, instance:com.Ecommerce.register.RegisterFunctionalityTest@401f7633]" started-at="2025-06-20T08:16:49Z" name="registerTest" data-provider="registerData" finished-at="2025-06-20T08:16:53Z" duration-ms="4310" status="PASS">
          <params>
            <param index="0">
              <value>
                <![CDATA[Female]]>
              </value>
            </param>
            <param index="1">
              <value>
                <![CDATA[Craig]]>
              </value>
            </param>
            <param index="2">
              <value>
                <![CDATA[Ferrell]]>
              </value>
            </param>
            <param index="3">
              <value>
                <![CDATA[J8$8DlHW!A]]>
              </value>
            </param>
          </params>
          <reporter-output>
          </reporter-output>
        </test-method> <!-- registerTest -->
        <test-method signature="registerTest(java.lang.String, java.lang.String, java.lang.String, java.lang.String)[pri:0, instance:com.Ecommerce.register.RegisterFunctionalityTest@401f7633]" started-at="2025-06-20T08:16:53Z" name="registerTest" data-provider="registerData" finished-at="2025-06-20T08:16:57Z" duration-ms="4020" status="PASS">
          <params>
            <param index="0">
              <value>
                <![CDATA[Male]]>
              </value>
            </param>
            <param index="1">
              <value>
                <![CDATA[Joshua]]>
              </value>
            </param>
            <param index="2">
              <value>
                <![CDATA[Rice]]>
              </value>
            </param>
            <param index="3">
              <value>
                <![CDATA[J@R5T0ExgP]]>
              </value>
            </param>
          </params>
          <reporter-output>
          </reporter-output>
        </test-method> <!-- registerTest -->
        <test-method signature="registerTest(java.lang.String, java.lang.String, java.lang.String, java.lang.String)[pri:0, instance:com.Ecommerce.register.RegisterFunctionalityTest@401f7633]" started-at="2025-06-20T08:16:57Z" name="registerTest" data-provider="registerData" finished-at="2025-06-20T08:17:00Z" duration-ms="3450" status="PASS">
          <params>
            <param index="0">
              <value>
                <![CDATA[Male]]>
              </value>
            </param>
            <param index="1">
              <value>
                <![CDATA[Cynthia]]>
              </value>
            </param>
            <param index="2">
              <value>
                <![CDATA[Maddox]]>
              </value>
            </param>
            <param index="3">
              <value>
                <![CDATA[Z&H90wMdEw]]>
              </value>
            </param>
          </params>
          <reporter-output>
          </reporter-output>
        </test-method> <!-- registerTest -->
        <test-method signature="registerTest(java.lang.String, java.lang.String, java.lang.String, java.lang.String)[pri:0, instance:com.Ecommerce.register.RegisterFunctionalityTest@401f7633]" started-at="2025-06-20T08:17:00Z" name="registerTest" data-provider="registerData" finished-at="2025-06-20T08:17:04Z" duration-ms="3707" status="PASS">
          <params>
            <param index="0">
              <value>
                <![CDATA[Male]]>
              </value>
            </param>
            <param index="1">
              <value>
                <![CDATA[Michael]]>
              </value>
            </param>
            <param index="2">
              <value>
                <![CDATA[Valencia]]>
              </value>
            </param>
            <param index="3">
              <value>
                <![CDATA[q&8CmYR2jD]]>
              </value>
            </param>
          </params>
          <reporter-output>
          </reporter-output>
        </test-method> <!-- registerTest -->
        <test-method is-config="true" signature="tearDown()[pri:0, instance:com.Ecommerce.register.RegisterFunctionalityTest@401f7633]" started-at="2025-06-20T08:17:04Z" name="tearDown" finished-at="2025-06-20T08:17:05Z" duration-ms="374" status="PASS">
          <reporter-output>
          </reporter-output>
        </test-method> <!-- tearDown -->
        <test-method is-config="true" signature="closeDatabase()[pri:0, instance:com.Ecommerce.register.RegisterFunctionalityTest@401f7633]" started-at="2025-06-20T08:17:58Z" name="closeDatabase" finished-at="2025-06-20T08:17:58Z" duration-ms="0" status="PASS">
          <reporter-output>
            <line>
              <![CDATA[==database closed successfully]]>
            </line>
          </reporter-output>
        </test-method> <!-- closeDatabase -->
        <test-method is-config="true" signature="closeServer()[pri:0, instance:com.Ecommerce.register.RegisterFunctionalityTest@401f7633]" started-at="2025-06-20T08:17:58Z" name="closeServer" finished-at="2025-06-20T08:17:58Z" duration-ms="0" status="PASS">
          <reporter-output>
            <line>
              <![CDATA[==server closed successfully]]>
            </line>
          </reporter-output>
        </test-method> <!-- closeServer -->
      </class> <!-- com.Ecommerce.register.RegisterFunctionalityTest -->
    </test> <!-- Test -->
  </suite> <!-- Suite -->
</testng-results>
