<?xml version="1.0" encoding="UTF-8"?>
<!-- Generated by org.testng.reporters.JUnitXMLReporter -->
<testsuite ignored="8" hostname="LAPTOP-EEAS1CV9" failures="4" tests="71" name="Test" time="307.62" errors="0" timestamp="20 Jun 2025 08:17:58 GMT">
  <testcase classname="com.Ecommerce.register.RegisterFunctionalityTest" name="registerTest" time="3.695"/>
  <testcase classname="com.Ecommerce.register.RegisterFunctionalityTest" name="registerTest" time="4.056"/>
  <testcase classname="com.Ecommerce.register.RegisterFunctionalityTest" name="registerTest" time="12.669">
    <failure type="org.openqa.selenium.NoSuchElementException" message="no such element: Unable to locate element: {&amp;quot;method&amp;quot;:&amp;quot;link text&amp;quot;,&amp;quot;selector&amp;quot;:&amp;quot;Log out&amp;quot;}
  (Session info: chrome=137.0.7151.105)
For documentation on this error, please visit: https://www.selenium.dev/documentation/webdriver/troubleshooting/errors#no-such-element-exception
Build info: version: &amp;apos;4.26.0&amp;apos;, revision: &amp;apos;8ccf0219d7&amp;apos;
System info: os.name: &amp;apos;Windows 11&amp;apos;, os.arch: &amp;apos;amd64&amp;apos;, os.version: &amp;apos;10.0&amp;apos;, java.version: &amp;apos;20.0.2&amp;apos;
Driver info: org.openqa.selenium.chrome.ChromeDriver
Command: [ff34e2c68e00b96d9c9cabfc5ecd3a3d, findElement {value=Log out, using=link text}]
Capabilities {acceptInsecureCerts: false, browserName: chrome, browserVersion: 137.0.7151.105, chrome: {chromedriverVersion: 137.0.7151.119 (e0ac9d12dff..., userDataDir: C:\Users\AMANSI~1\AppData\L...}, fedcm:accounts: true, goog:chromeOptions: {debuggerAddress: localhost:52814}, networkConnectionEnabled: false, pageLoadStrategy: normal, platformName: windows, proxy: Proxy(), se:cdp: ws://localhost:52814/devtoo..., se:cdpVersion: 137.0.7151.105, setWindowRect: true, strictFileInteractability: false, timeouts: {implicit: 0, pageLoad: 300000, script: 30000}, unhandledPromptBehavior: dismiss and notify, webauthn:extension:credBlob: true, webauthn:extension:largeBlob: true, webauthn:extension:minPinLength: true, webauthn:extension:prf: true, webauthn:virtualAuthenticators: true}
Session ID: ff34e2c68e00b96d9c9cabfc5ecd3a3d">
      <![CDATA[org.openqa.selenium.NoSuchElementException: no such element: Unable to locate element: {"method":"link text","selector":"Log out"}
  (Session info: chrome=137.0.7151.105)
For documentation on this error, please visit: https://www.selenium.dev/documentation/webdriver/troubleshooting/errors#no-such-element-exception
Build info: version: '4.26.0', revision: '8ccf0219d7'
System info: os.name: 'Windows 11', os.arch: 'amd64', os.version: '10.0', java.version: '20.0.2'
Driver info: org.openqa.selenium.chrome.ChromeDriver
Command: [ff34e2c68e00b96d9c9cabfc5ecd3a3d, findElement {value=Log out, using=link text}]
Capabilities {acceptInsecureCerts: false, browserName: chrome, browserVersion: 137.0.7151.105, chrome: {chromedriverVersion: 137.0.7151.119 (e0ac9d12dff..., userDataDir: C:\Users\AMANSI~1\AppData\L...}, fedcm:accounts: true, goog:chromeOptions: {debuggerAddress: localhost:52814}, networkConnectionEnabled: false, pageLoadStrategy: normal, platformName: windows, proxy: Proxy(), se:cdp: ws://localhost:52814/devtoo..., se:cdpVersion: 137.0.7151.105, setWindowRect: true, strictFileInteractability: false, timeouts: {implicit: 0, pageLoad: 300000, script: 30000}, unhandledPromptBehavior: dismiss and notify, webauthn:extension:credBlob: true, webauthn:extension:largeBlob: true, webauthn:extension:minPinLength: true, webauthn:extension:prf: true, webauthn:virtualAuthenticators: true}
Session ID: ff34e2c68e00b96d9c9cabfc5ecd3a3d
at org.openqa.selenium.remote.ErrorCodec.decode(ErrorCodec.java:167)
at org.openqa.selenium.remote.codec.w3c.W3CHttpResponseCodec.decode(W3CHttpResponseCodec.java:138)
at org.openqa.selenium.remote.codec.w3c.W3CHttpResponseCodec.decode(W3CHttpResponseCodec.java:50)
at org.openqa.selenium.remote.HttpCommandExecutor.execute(HttpCommandExecutor.java:190)
at org.openqa.selenium.remote.service.DriverCommandExecutor.invokeExecute(DriverCommandExecutor.java:216)
at org.openqa.selenium.remote.service.DriverCommandExecutor.execute(DriverCommandExecutor.java:174)
at org.openqa.selenium.remote.RemoteWebDriver.execute(RemoteWebDriver.java:545)
at org.openqa.selenium.remote.ElementLocation$ElementFinder$2.findElement(ElementLocation.java:165)
at org.openqa.selenium.remote.ElementLocation.findElement(ElementLocation.java:59)
at org.openqa.selenium.remote.RemoteWebDriver.findElement(RemoteWebDriver.java:368)
at org.openqa.selenium.remote.RemoteWebDriver.findElement(RemoteWebDriver.java:362)
at org.openqa.selenium.support.pagefactory.DefaultElementLocator.findElement(DefaultElementLocator.java:68)
at org.openqa.selenium.support.pagefactory.internal.LocatingElementHandler.invoke(LocatingElementHandler.java:38)
at jdk.proxy2/jdk.proxy2.$Proxy20.click(Unknown Source)
at com.Ecommerce.ObjectRepository.RegisterPage.registerFunctionality(RegisterPage.java:53)
at com.Ecommerce.register.RegisterFunctionalityTest.registerTest(RegisterFunctionalityTest.java:28)
... Removed 26 stack frames]]>
    </failure>
  </testcase> <!-- registerTest -->
  <testcase classname="com.Ecommerce.register.RegisterFunctionalityTest" name="registerTest" time="24.295"/>
  <testcase classname="com.Ecommerce.register.RegisterFunctionalityTest" name="registerTest" time="4.644"/>
  <testcase classname="com.Ecommerce.register.RegisterFunctionalityTest" name="registerTest" time="6.335"/>
  <testcase classname="com.Ecommerce.register.RegisterFunctionalityTest" name="registerTest" time="4.302"/>
  <testcase classname="com.Ecommerce.register.RegisterFunctionalityTest" name="registerTest" time="3.829"/>
  <testcase classname="com.Ecommerce.register.RegisterFunctionalityTest" name="registerTest" time="6.698"/>
  <testcase classname="com.Ecommerce.register.RegisterFunctionalityTest" name="registerTest" time="4.206"/>
  <testcase classname="com.Ecommerce.register.RegisterFunctionalityTest" name="registerTest" time="4.782"/>
  <testcase classname="com.Ecommerce.register.RegisterFunctionalityTest" name="registerTest" time="4.715"/>
  <testcase classname="com.Ecommerce.register.RegisterFunctionalityTest" name="registerTest" time="3.286"/>
  <testcase classname="com.Ecommerce.register.RegisterFunctionalityTest" name="registerTest" time="3.905"/>
  <testcase classname="com.Ecommerce.register.RegisterFunctionalityTest" name="registerTest" time="4.037"/>
  <testcase classname="com.Ecommerce.register.RegisterFunctionalityTest" name="registerTest" time="3.434"/>
  <testcase classname="com.Ecommerce.register.RegisterFunctionalityTest" name="registerTest" time="4.503"/>
  <testcase classname="com.Ecommerce.register.RegisterFunctionalityTest" name="registerTest" time="3.657"/>
  <testcase classname="com.Ecommerce.register.RegisterFunctionalityTest" name="registerTest" time="4.007"/>
  <testcase classname="com.Ecommerce.register.RegisterFunctionalityTest" name="registerTest" time="3.499"/>
  <testcase classname="com.Ecommerce.register.RegisterFunctionalityTest" name="registerTest" time="3.502"/>
  <testcase classname="com.Ecommerce.register.RegisterFunctionalityTest" name="registerTest" time="3.453"/>
  <testcase classname="com.Ecommerce.register.RegisterFunctionalityTest" name="registerTest" time="11.938">
    <failure type="org.openqa.selenium.NoSuchElementException" message="no such element: Unable to locate element: {&amp;quot;method&amp;quot;:&amp;quot;link text&amp;quot;,&amp;quot;selector&amp;quot;:&amp;quot;Log out&amp;quot;}
  (Session info: chrome=137.0.7151.105)
For documentation on this error, please visit: https://www.selenium.dev/documentation/webdriver/troubleshooting/errors#no-such-element-exception
Build info: version: &amp;apos;4.26.0&amp;apos;, revision: &amp;apos;8ccf0219d7&amp;apos;
System info: os.name: &amp;apos;Windows 11&amp;apos;, os.arch: &amp;apos;amd64&amp;apos;, os.version: &amp;apos;10.0&amp;apos;, java.version: &amp;apos;20.0.2&amp;apos;
Driver info: org.openqa.selenium.chrome.ChromeDriver
Command: [ff34e2c68e00b96d9c9cabfc5ecd3a3d, findElement {value=Log out, using=link text}]
Capabilities {acceptInsecureCerts: false, browserName: chrome, browserVersion: 137.0.7151.105, chrome: {chromedriverVersion: 137.0.7151.119 (e0ac9d12dff..., userDataDir: C:\Users\AMANSI~1\AppData\L...}, fedcm:accounts: true, goog:chromeOptions: {debuggerAddress: localhost:52814}, networkConnectionEnabled: false, pageLoadStrategy: normal, platformName: windows, proxy: Proxy(), se:cdp: ws://localhost:52814/devtoo..., se:cdpVersion: 137.0.7151.105, setWindowRect: true, strictFileInteractability: false, timeouts: {implicit: 0, pageLoad: 300000, script: 30000}, unhandledPromptBehavior: dismiss and notify, webauthn:extension:credBlob: true, webauthn:extension:largeBlob: true, webauthn:extension:minPinLength: true, webauthn:extension:prf: true, webauthn:virtualAuthenticators: true}
Session ID: ff34e2c68e00b96d9c9cabfc5ecd3a3d">
      <![CDATA[org.openqa.selenium.NoSuchElementException: no such element: Unable to locate element: {"method":"link text","selector":"Log out"}
  (Session info: chrome=137.0.7151.105)
For documentation on this error, please visit: https://www.selenium.dev/documentation/webdriver/troubleshooting/errors#no-such-element-exception
Build info: version: '4.26.0', revision: '8ccf0219d7'
System info: os.name: 'Windows 11', os.arch: 'amd64', os.version: '10.0', java.version: '20.0.2'
Driver info: org.openqa.selenium.chrome.ChromeDriver
Command: [ff34e2c68e00b96d9c9cabfc5ecd3a3d, findElement {value=Log out, using=link text}]
Capabilities {acceptInsecureCerts: false, browserName: chrome, browserVersion: 137.0.7151.105, chrome: {chromedriverVersion: 137.0.7151.119 (e0ac9d12dff..., userDataDir: C:\Users\AMANSI~1\AppData\L...}, fedcm:accounts: true, goog:chromeOptions: {debuggerAddress: localhost:52814}, networkConnectionEnabled: false, pageLoadStrategy: normal, platformName: windows, proxy: Proxy(), se:cdp: ws://localhost:52814/devtoo..., se:cdpVersion: 137.0.7151.105, setWindowRect: true, strictFileInteractability: false, timeouts: {implicit: 0, pageLoad: 300000, script: 30000}, unhandledPromptBehavior: dismiss and notify, webauthn:extension:credBlob: true, webauthn:extension:largeBlob: true, webauthn:extension:minPinLength: true, webauthn:extension:prf: true, webauthn:virtualAuthenticators: true}
Session ID: ff34e2c68e00b96d9c9cabfc5ecd3a3d
at org.openqa.selenium.remote.ErrorCodec.decode(ErrorCodec.java:167)
at org.openqa.selenium.remote.codec.w3c.W3CHttpResponseCodec.decode(W3CHttpResponseCodec.java:138)
at org.openqa.selenium.remote.codec.w3c.W3CHttpResponseCodec.decode(W3CHttpResponseCodec.java:50)
at org.openqa.selenium.remote.HttpCommandExecutor.execute(HttpCommandExecutor.java:190)
at org.openqa.selenium.remote.service.DriverCommandExecutor.invokeExecute(DriverCommandExecutor.java:216)
at org.openqa.selenium.remote.service.DriverCommandExecutor.execute(DriverCommandExecutor.java:174)
at org.openqa.selenium.remote.RemoteWebDriver.execute(RemoteWebDriver.java:545)
at org.openqa.selenium.remote.ElementLocation$ElementFinder$2.findElement(ElementLocation.java:165)
at org.openqa.selenium.remote.ElementLocation.findElement(ElementLocation.java:59)
at org.openqa.selenium.remote.RemoteWebDriver.findElement(RemoteWebDriver.java:368)
at org.openqa.selenium.remote.RemoteWebDriver.findElement(RemoteWebDriver.java:362)
at org.openqa.selenium.support.pagefactory.DefaultElementLocator.findElement(DefaultElementLocator.java:68)
at org.openqa.selenium.support.pagefactory.internal.LocatingElementHandler.invoke(LocatingElementHandler.java:38)
at jdk.proxy2/jdk.proxy2.$Proxy20.click(Unknown Source)
at com.Ecommerce.ObjectRepository.RegisterPage.registerFunctionality(RegisterPage.java:53)
at com.Ecommerce.register.RegisterFunctionalityTest.registerTest(RegisterFunctionalityTest.java:28)
... Removed 26 stack frames]]>
    </failure>
  </testcase> <!-- registerTest -->
  <testcase classname="com.Ecommerce.register.RegisterFunctionalityTest" name="registerTest" time="3.536"/>
  <testcase classname="com.Ecommerce.register.RegisterFunctionalityTest" name="registerTest" time="4.324"/>
  <testcase classname="com.Ecommerce.register.RegisterFunctionalityTest" name="registerTest" time="3.919"/>
  <testcase classname="com.Ecommerce.register.RegisterFunctionalityTest" name="registerTest" time="3.323"/>
  <testcase classname="com.Ecommerce.register.RegisterFunctionalityTest" name="registerTest" time="3.644"/>
  <testcase classname="com.Ecommerce.register.RegisterFunctionalityTest" name="registerTest" time="3.699"/>
  <testcase classname="com.Ecommerce.register.RegisterFunctionalityTest" name="registerTest" time="4.422"/>
  <testcase classname="com.Ecommerce.register.RegisterFunctionalityTest" name="registerTest" time="3.894"/>
  <testcase classname="com.Ecommerce.register.RegisterFunctionalityTest" name="registerTest" time="3.585"/>
  <testcase classname="com.Ecommerce.register.RegisterFunctionalityTest" name="registerTest" time="3.332"/>
  <testcase classname="com.Ecommerce.register.RegisterFunctionalityTest" name="registerTest" time="3.597"/>
  <testcase classname="com.Ecommerce.register.RegisterFunctionalityTest" name="registerTest" time="3.836"/>
  <testcase classname="com.Ecommerce.register.RegisterFunctionalityTest" name="registerTest" time="3.699"/>
  <testcase classname="com.Ecommerce.register.RegisterFunctionalityTest" name="registerTest" time="3.914"/>
  <testcase classname="com.Ecommerce.register.RegisterFunctionalityTest" name="registerTest" time="3.309"/>
  <testcase classname="com.Ecommerce.register.RegisterFunctionalityTest" name="registerTest" time="3.635"/>
  <testcase classname="com.Ecommerce.register.RegisterFunctionalityTest" name="registerTest" time="4.016"/>
  <testcase classname="com.Ecommerce.register.RegisterFunctionalityTest" name="registerTest" time="3.632"/>
  <testcase classname="com.Ecommerce.register.RegisterFunctionalityTest" name="registerTest" time="3.72"/>
  <testcase classname="com.Ecommerce.register.RegisterFunctionalityTest" name="registerTest" time="3.408"/>
  <testcase classname="com.Ecommerce.register.RegisterFunctionalityTest" name="registerTest" time="5.462"/>
  <testcase classname="com.Ecommerce.register.RegisterFunctionalityTest" name="registerTest" time="3.504"/>
  <testcase classname="com.Ecommerce.register.RegisterFunctionalityTest" name="registerTest" time="12.233">
    <failure type="org.openqa.selenium.NoSuchElementException" message="no such element: Unable to locate element: {&amp;quot;method&amp;quot;:&amp;quot;link text&amp;quot;,&amp;quot;selector&amp;quot;:&amp;quot;Log out&amp;quot;}
  (Session info: chrome=137.0.7151.105)
For documentation on this error, please visit: https://www.selenium.dev/documentation/webdriver/troubleshooting/errors#no-such-element-exception
Build info: version: &amp;apos;4.26.0&amp;apos;, revision: &amp;apos;8ccf0219d7&amp;apos;
System info: os.name: &amp;apos;Windows 11&amp;apos;, os.arch: &amp;apos;amd64&amp;apos;, os.version: &amp;apos;10.0&amp;apos;, java.version: &amp;apos;20.0.2&amp;apos;
Driver info: org.openqa.selenium.chrome.ChromeDriver
Command: [ff34e2c68e00b96d9c9cabfc5ecd3a3d, findElement {value=Log out, using=link text}]
Capabilities {acceptInsecureCerts: false, browserName: chrome, browserVersion: 137.0.7151.105, chrome: {chromedriverVersion: 137.0.7151.119 (e0ac9d12dff..., userDataDir: C:\Users\AMANSI~1\AppData\L...}, fedcm:accounts: true, goog:chromeOptions: {debuggerAddress: localhost:52814}, networkConnectionEnabled: false, pageLoadStrategy: normal, platformName: windows, proxy: Proxy(), se:cdp: ws://localhost:52814/devtoo..., se:cdpVersion: 137.0.7151.105, setWindowRect: true, strictFileInteractability: false, timeouts: {implicit: 0, pageLoad: 300000, script: 30000}, unhandledPromptBehavior: dismiss and notify, webauthn:extension:credBlob: true, webauthn:extension:largeBlob: true, webauthn:extension:minPinLength: true, webauthn:extension:prf: true, webauthn:virtualAuthenticators: true}
Session ID: ff34e2c68e00b96d9c9cabfc5ecd3a3d">
      <![CDATA[org.openqa.selenium.NoSuchElementException: no such element: Unable to locate element: {"method":"link text","selector":"Log out"}
  (Session info: chrome=137.0.7151.105)
For documentation on this error, please visit: https://www.selenium.dev/documentation/webdriver/troubleshooting/errors#no-such-element-exception
Build info: version: '4.26.0', revision: '8ccf0219d7'
System info: os.name: 'Windows 11', os.arch: 'amd64', os.version: '10.0', java.version: '20.0.2'
Driver info: org.openqa.selenium.chrome.ChromeDriver
Command: [ff34e2c68e00b96d9c9cabfc5ecd3a3d, findElement {value=Log out, using=link text}]
Capabilities {acceptInsecureCerts: false, browserName: chrome, browserVersion: 137.0.7151.105, chrome: {chromedriverVersion: 137.0.7151.119 (e0ac9d12dff..., userDataDir: C:\Users\AMANSI~1\AppData\L...}, fedcm:accounts: true, goog:chromeOptions: {debuggerAddress: localhost:52814}, networkConnectionEnabled: false, pageLoadStrategy: normal, platformName: windows, proxy: Proxy(), se:cdp: ws://localhost:52814/devtoo..., se:cdpVersion: 137.0.7151.105, setWindowRect: true, strictFileInteractability: false, timeouts: {implicit: 0, pageLoad: 300000, script: 30000}, unhandledPromptBehavior: dismiss and notify, webauthn:extension:credBlob: true, webauthn:extension:largeBlob: true, webauthn:extension:minPinLength: true, webauthn:extension:prf: true, webauthn:virtualAuthenticators: true}
Session ID: ff34e2c68e00b96d9c9cabfc5ecd3a3d
at org.openqa.selenium.remote.ErrorCodec.decode(ErrorCodec.java:167)
at org.openqa.selenium.remote.codec.w3c.W3CHttpResponseCodec.decode(W3CHttpResponseCodec.java:138)
at org.openqa.selenium.remote.codec.w3c.W3CHttpResponseCodec.decode(W3CHttpResponseCodec.java:50)
at org.openqa.selenium.remote.HttpCommandExecutor.execute(HttpCommandExecutor.java:190)
at org.openqa.selenium.remote.service.DriverCommandExecutor.invokeExecute(DriverCommandExecutor.java:216)
at org.openqa.selenium.remote.service.DriverCommandExecutor.execute(DriverCommandExecutor.java:174)
at org.openqa.selenium.remote.RemoteWebDriver.execute(RemoteWebDriver.java:545)
at org.openqa.selenium.remote.ElementLocation$ElementFinder$2.findElement(ElementLocation.java:165)
at org.openqa.selenium.remote.ElementLocation.findElement(ElementLocation.java:59)
at org.openqa.selenium.remote.RemoteWebDriver.findElement(RemoteWebDriver.java:368)
at org.openqa.selenium.remote.RemoteWebDriver.findElement(RemoteWebDriver.java:362)
at org.openqa.selenium.support.pagefactory.DefaultElementLocator.findElement(DefaultElementLocator.java:68)
at org.openqa.selenium.support.pagefactory.internal.LocatingElementHandler.invoke(LocatingElementHandler.java:38)
at jdk.proxy2/jdk.proxy2.$Proxy20.click(Unknown Source)
at com.Ecommerce.ObjectRepository.RegisterPage.registerFunctionality(RegisterPage.java:53)
at com.Ecommerce.register.RegisterFunctionalityTest.registerTest(RegisterFunctionalityTest.java:28)
... Removed 26 stack frames]]>
    </failure>
  </testcase> <!-- registerTest -->
  <testcase classname="com.Ecommerce.register.RegisterFunctionalityTest" name="registerTest" time="4.31"/>
  <testcase classname="com.Ecommerce.register.RegisterFunctionalityTest" name="registerTest" time="4.02"/>
  <testcase classname="com.Ecommerce.register.RegisterFunctionalityTest" name="registerTest" time="3.45"/>
  <testcase classname="com.Ecommerce.register.RegisterFunctionalityTest" name="registerTest" time="3.707"/>
  <testcase classname="com.Ecommerce.login.ValidLoginFunctionalityTest" name="loginTest" time="2.894"/>
  <testcase classname="com.Ecommerce.login.InvalidLoginFunctionalityTest" name="invalidLoginTest" time="1.817"/>
  <testcase classname="com.Ecommerce.login.InvalidLoginFunctionalityTest" name="invalidLoginTest" time="1.811"/>
  <testcase classname="com.Ecommerce.login.InvalidLoginFunctionalityTest" name="invalidLoginTest" time="2.039"/>
  <testcase classname="com.Ecommerce.login.InvalidLoginFunctionalityTest" name="invalidLoginTest" time="2.046"/>
  <testcase classname="com.Ecommerce.login.InvalidLoginFunctionalityTest" name="invalidLoginTest" time="1.579"/>
  <testcase classname="com.Ecommerce.login.InvalidLoginFunctionalityTest" name="invalidLoginTest" time="1.903"/>
  <testcase classname="com.Ecommerce.login.InvalidLoginFunctionalityTest" name="invalidLoginTest" time="1.642"/>
  <testcase classname="com.Ecommerce.login.InvalidLoginFunctionalityTest" name="invalidLoginTest" time="1.771"/>
  <testcase classname="com.Ecommerce.login.InvalidLoginFunctionalityTest" name="invalidLoginTest" time="1.765"/>
  <testcase classname="com.Ecommerce.login.InvalidLoginFunctionalityTest" name="invalidLoginTest" time="3.297">
    <failure type="org.openqa.selenium.StaleElementReferenceException" message="stale element reference: stale element not found
  (Session info: chrome=137.0.7151.105)
For documentation on this error, please visit: https://www.selenium.dev/documentation/webdriver/troubleshooting/errors#stale-element-reference-exception
Build info: version: &amp;apos;4.26.0&amp;apos;, revision: &amp;apos;8ccf0219d7&amp;apos;
System info: os.name: &amp;apos;Windows 11&amp;apos;, os.arch: &amp;apos;amd64&amp;apos;, os.version: &amp;apos;10.0&amp;apos;, java.version: &amp;apos;20.0.2&amp;apos;
Driver info: org.openqa.selenium.chrome.ChromeDriver
Command: [cfc1873e5ea9f044bd4d441c4bdfe402, clearElement {id=f.54BFE5585A4C8FCEA63F368A82483E37.d.FBFCB774BEB3862256E4C78EFAF851A5.e.588}]
Capabilities {acceptInsecureCerts: false, browserName: chrome, browserVersion: 137.0.7151.105, chrome: {chromedriverVersion: 137.0.7151.119 (e0ac9d12dff..., userDataDir: C:\Users\AMANSI~1\AppData\L...}, fedcm:accounts: true, goog:chromeOptions: {debuggerAddress: localhost:52896}, networkConnectionEnabled: false, pageLoadStrategy: normal, platformName: windows, proxy: Proxy(), se:cdp: ws://localhost:52896/devtoo..., se:cdpVersion: 137.0.7151.105, setWindowRect: true, strictFileInteractability: false, timeouts: {implicit: 0, pageLoad: 300000, script: 30000}, unhandledPromptBehavior: dismiss and notify, webauthn:extension:credBlob: true, webauthn:extension:largeBlob: true, webauthn:extension:minPinLength: true, webauthn:extension:prf: true, webauthn:virtualAuthenticators: true}
Element: [[ChromeDriver: chrome on windows (cfc1873e5ea9f044bd4d441c4bdfe402)] -&amp;gt; id: Email]
Session ID: cfc1873e5ea9f044bd4d441c4bdfe402">
      <![CDATA[org.openqa.selenium.StaleElementReferenceException: stale element reference: stale element not found
  (Session info: chrome=137.0.7151.105)
For documentation on this error, please visit: https://www.selenium.dev/documentation/webdriver/troubleshooting/errors#stale-element-reference-exception
Build info: version: '4.26.0', revision: '8ccf0219d7'
System info: os.name: 'Windows 11', os.arch: 'amd64', os.version: '10.0', java.version: '20.0.2'
Driver info: org.openqa.selenium.chrome.ChromeDriver
Command: [cfc1873e5ea9f044bd4d441c4bdfe402, clearElement {id=f.54BFE5585A4C8FCEA63F368A82483E37.d.FBFCB774BEB3862256E4C78EFAF851A5.e.588}]
Capabilities {acceptInsecureCerts: false, browserName: chrome, browserVersion: 137.0.7151.105, chrome: {chromedriverVersion: 137.0.7151.119 (e0ac9d12dff..., userDataDir: C:\Users\AMANSI~1\AppData\L...}, fedcm:accounts: true, goog:chromeOptions: {debuggerAddress: localhost:52896}, networkConnectionEnabled: false, pageLoadStrategy: normal, platformName: windows, proxy: Proxy(), se:cdp: ws://localhost:52896/devtoo..., se:cdpVersion: 137.0.7151.105, setWindowRect: true, strictFileInteractability: false, timeouts: {implicit: 0, pageLoad: 300000, script: 30000}, unhandledPromptBehavior: dismiss and notify, webauthn:extension:credBlob: true, webauthn:extension:largeBlob: true, webauthn:extension:minPinLength: true, webauthn:extension:prf: true, webauthn:virtualAuthenticators: true}
Element: [[ChromeDriver: chrome on windows (cfc1873e5ea9f044bd4d441c4bdfe402)] -> id: Email]
Session ID: cfc1873e5ea9f044bd4d441c4bdfe402
at org.openqa.selenium.remote.ErrorCodec.decode(ErrorCodec.java:167)
at org.openqa.selenium.remote.codec.w3c.W3CHttpResponseCodec.decode(W3CHttpResponseCodec.java:138)
at org.openqa.selenium.remote.codec.w3c.W3CHttpResponseCodec.decode(W3CHttpResponseCodec.java:50)
at org.openqa.selenium.remote.HttpCommandExecutor.execute(HttpCommandExecutor.java:190)
at org.openqa.selenium.remote.service.DriverCommandExecutor.invokeExecute(DriverCommandExecutor.java:216)
at org.openqa.selenium.remote.service.DriverCommandExecutor.execute(DriverCommandExecutor.java:174)
at org.openqa.selenium.remote.RemoteWebDriver.execute(RemoteWebDriver.java:545)
at org.openqa.selenium.remote.RemoteWebElement.execute(RemoteWebElement.java:223)
at org.openqa.selenium.remote.RemoteWebElement.clear(RemoteWebElement.java:129)
at org.openqa.selenium.support.pagefactory.internal.LocatingElementHandler.invoke(LocatingElementHandler.java:51)
at jdk.proxy2/jdk.proxy2.$Proxy20.clear(Unknown Source)
at com.Ecommerce.ObjectRepository.LoginPage.invalidloginFunctionality(LoginPage.java:38)
at com.Ecommerce.login.InvalidLoginFunctionalityTest.invalidLoginTest(InvalidLoginFunctionalityTest.java:27)
... Removed 28 stack frames]]>
    </failure>
  </testcase> <!-- invalidLoginTest -->
  <testcase classname="com.Ecommerce.login.InvalidLoginFunctionalityTest" name="invalidLoginTest" time="1.66"/>
  <testcase classname="com.Ecommerce.login.InvalidLoginFunctionalityTest" name="invalidLoginTest" time="1.687"/>
  <testcase classname="com.Ecommerce.login.InvalidLoginFunctionalityTest" name="invalidLoginTest" time="1.497"/>
  <testcase classname="com.Ecommerce.login.InvalidLoginFunctionalityTest" name="invalidLoginTest" time="2.593"/>
  <testcase classname="com.Ecommerce.login.InvalidLoginFunctionalityTest" name="invalidLoginTest" time="1.613"/>
  <testcase classname="com.Ecommerce.login.InvalidLoginFunctionalityTest" name="invalidLoginTest" time="1.637"/>
  <testcase classname="com.Ecommerce.login.InvalidLoginFunctionalityTest" name="invalidLoginTest" time="1.597"/>
  <testcase classname="com.Ecommerce.login.InvalidLoginFunctionalityTest" name="invalidLoginTest" time="1.647"/>
  <testcase classname="com.Ecommerce.login.InvalidLoginFunctionalityTest" name="invalidLoginTest" time="1.545"/>
  <testcase classname="com.Ecommerce.login.InvalidLoginFunctionalityTest" name="invalidLoginTest" time="2.169"/>
  <testcase classname="com.Ecommerce.GenericLibrary.BaseTest" name="@BeforeSuite toConnectServer" time="0.0">
    <ignored/>
  </testcase> <!-- @BeforeSuite toConnectServer -->
  <testcase classname="com.Ecommerce.GenericLibrary.BaseTest" name="@BeforeSuite toConnectServer" time="0.0">
    <ignored/>
  </testcase> <!-- @BeforeSuite toConnectServer -->
  <testcase classname="com.Ecommerce.GenericLibrary.BaseTest" name="@BeforeTest toConnectDatabase" time="0.0">
    <ignored/>
  </testcase> <!-- @BeforeTest toConnectDatabase -->
  <testcase classname="com.Ecommerce.GenericLibrary.BaseTest" name="@BeforeTest toConnectDatabase" time="0.0">
    <ignored/>
  </testcase> <!-- @BeforeTest toConnectDatabase -->
  <testcase classname="com.Ecommerce.GenericLibrary.BaseTest" name="@AfterSuite closeServer" time="0.0">
    <ignored/>
  </testcase> <!-- @AfterSuite closeServer -->
  <testcase classname="com.Ecommerce.GenericLibrary.BaseTest" name="@AfterSuite closeServer" time="0.0">
    <ignored/>
  </testcase> <!-- @AfterSuite closeServer -->
  <testcase classname="com.Ecommerce.GenericLibrary.BaseTest" name="@AfterTest closeDatabase" time="0.0">
    <ignored/>
  </testcase> <!-- @AfterTest closeDatabase -->
  <testcase classname="com.Ecommerce.GenericLibrary.BaseTest" name="@AfterTest closeDatabase" time="0.0">
    <ignored/>
  </testcase> <!-- @AfterTest closeDatabase -->
</testsuite> <!-- Test -->
