<?xml version="1.0" encoding="UTF-8"?>
<!-- Generated by org.testng.reporters.JUnitXMLReporter -->
<testsuite ignored="0" hostname="LAPTOP-EEAS1CV9" failures="1" tests="50" name="Test1" time="203.36" errors="0" timestamp="20 Jun 2025 07:52:18 GMT">
  <testcase classname="com.Ecommerce.register.RegisterFunctionalityTest" name="registerTest" time="3.934"/>
  <testcase classname="com.Ecommerce.register.RegisterFunctionalityTest" name="registerTest" time="3.452"/>
  <testcase classname="com.Ecommerce.register.RegisterFunctionalityTest" name="registerTest" time="3.986"/>
  <testcase classname="com.Ecommerce.register.RegisterFunctionalityTest" name="registerTest" time="3.422"/>
  <testcase classname="com.Ecommerce.register.RegisterFunctionalityTest" name="registerTest" time="3.376"/>
  <testcase classname="com.Ecommerce.register.RegisterFunctionalityTest" name="registerTest" time="3.504"/>
  <testcase classname="com.Ecommerce.register.RegisterFunctionalityTest" name="registerTest" time="3.325"/>
  <testcase classname="com.Ecommerce.register.RegisterFunctionalityTest" name="registerTest" time="3.56"/>
  <testcase classname="com.Ecommerce.register.RegisterFunctionalityTest" name="registerTest" time="3.589"/>
  <testcase classname="com.Ecommerce.register.RegisterFunctionalityTest" name="registerTest" time="3.442"/>
  <testcase classname="com.Ecommerce.register.RegisterFunctionalityTest" name="registerTest" time="3.708"/>
  <testcase classname="com.Ecommerce.register.RegisterFunctionalityTest" name="registerTest" time="3.801"/>
  <testcase classname="com.Ecommerce.register.RegisterFunctionalityTest" name="registerTest" time="3.524"/>
  <testcase classname="com.Ecommerce.register.RegisterFunctionalityTest" name="registerTest" time="3.435"/>
  <testcase classname="com.Ecommerce.register.RegisterFunctionalityTest" name="registerTest" time="3.438"/>
  <testcase classname="com.Ecommerce.register.RegisterFunctionalityTest" name="registerTest" time="3.703"/>
  <testcase classname="com.Ecommerce.register.RegisterFunctionalityTest" name="registerTest" time="4.265"/>
  <testcase classname="com.Ecommerce.register.RegisterFunctionalityTest" name="registerTest" time="3.735"/>
  <testcase classname="com.Ecommerce.register.RegisterFunctionalityTest" name="registerTest" time="3.589"/>
  <testcase classname="com.Ecommerce.register.RegisterFunctionalityTest" name="registerTest" time="3.564"/>
  <testcase classname="com.Ecommerce.register.RegisterFunctionalityTest" name="registerTest" time="3.564"/>
  <testcase classname="com.Ecommerce.register.RegisterFunctionalityTest" name="registerTest" time="4.101"/>
  <testcase classname="com.Ecommerce.register.RegisterFunctionalityTest" name="registerTest" time="12.293">
    <failure type="org.openqa.selenium.NoSuchElementException" message="no such element: Unable to locate element: {&amp;quot;method&amp;quot;:&amp;quot;link text&amp;quot;,&amp;quot;selector&amp;quot;:&amp;quot;Log out&amp;quot;}
  (Session info: chrome=137.0.7151.105)
For documentation on this error, please visit: https://www.selenium.dev/documentation/webdriver/troubleshooting/errors#no-such-element-exception
Build info: version: &amp;apos;4.26.0&amp;apos;, revision: &amp;apos;8ccf0219d7&amp;apos;
System info: os.name: &amp;apos;Windows 11&amp;apos;, os.arch: &amp;apos;amd64&amp;apos;, os.version: &amp;apos;10.0&amp;apos;, java.version: &amp;apos;20.0.2&amp;apos;
Driver info: org.openqa.selenium.chrome.ChromeDriver
Command: [053fbd3edfddc7745b8ec2a0f18244e6, findElement {using=link text, value=Log out}]
Capabilities {acceptInsecureCerts: false, browserName: chrome, browserVersion: 137.0.7151.105, chrome: {chromedriverVersion: 137.0.7151.119 (e0ac9d12dff..., userDataDir: C:\Users\AMANSI~1\AppData\L...}, fedcm:accounts: true, goog:chromeOptions: {debuggerAddress: localhost:51909}, networkConnectionEnabled: false, pageLoadStrategy: normal, platformName: windows, proxy: Proxy(), se:cdp: ws://localhost:51909/devtoo..., se:cdpVersion: 137.0.7151.105, setWindowRect: true, strictFileInteractability: false, timeouts: {implicit: 0, pageLoad: 300000, script: 30000}, unhandledPromptBehavior: dismiss and notify, webauthn:extension:credBlob: true, webauthn:extension:largeBlob: true, webauthn:extension:minPinLength: true, webauthn:extension:prf: true, webauthn:virtualAuthenticators: true}
Session ID: 053fbd3edfddc7745b8ec2a0f18244e6">
      <![CDATA[org.openqa.selenium.NoSuchElementException: no such element: Unable to locate element: {"method":"link text","selector":"Log out"}
  (Session info: chrome=137.0.7151.105)
For documentation on this error, please visit: https://www.selenium.dev/documentation/webdriver/troubleshooting/errors#no-such-element-exception
Build info: version: '4.26.0', revision: '8ccf0219d7'
System info: os.name: 'Windows 11', os.arch: 'amd64', os.version: '10.0', java.version: '20.0.2'
Driver info: org.openqa.selenium.chrome.ChromeDriver
Command: [053fbd3edfddc7745b8ec2a0f18244e6, findElement {using=link text, value=Log out}]
Capabilities {acceptInsecureCerts: false, browserName: chrome, browserVersion: 137.0.7151.105, chrome: {chromedriverVersion: 137.0.7151.119 (e0ac9d12dff..., userDataDir: C:\Users\AMANSI~1\AppData\L...}, fedcm:accounts: true, goog:chromeOptions: {debuggerAddress: localhost:51909}, networkConnectionEnabled: false, pageLoadStrategy: normal, platformName: windows, proxy: Proxy(), se:cdp: ws://localhost:51909/devtoo..., se:cdpVersion: 137.0.7151.105, setWindowRect: true, strictFileInteractability: false, timeouts: {implicit: 0, pageLoad: 300000, script: 30000}, unhandledPromptBehavior: dismiss and notify, webauthn:extension:credBlob: true, webauthn:extension:largeBlob: true, webauthn:extension:minPinLength: true, webauthn:extension:prf: true, webauthn:virtualAuthenticators: true}
Session ID: 053fbd3edfddc7745b8ec2a0f18244e6
at org.openqa.selenium.remote.ErrorCodec.decode(ErrorCodec.java:167)
at org.openqa.selenium.remote.codec.w3c.W3CHttpResponseCodec.decode(W3CHttpResponseCodec.java:138)
at org.openqa.selenium.remote.codec.w3c.W3CHttpResponseCodec.decode(W3CHttpResponseCodec.java:50)
at org.openqa.selenium.remote.HttpCommandExecutor.execute(HttpCommandExecutor.java:190)
at org.openqa.selenium.remote.service.DriverCommandExecutor.invokeExecute(DriverCommandExecutor.java:216)
at org.openqa.selenium.remote.service.DriverCommandExecutor.execute(DriverCommandExecutor.java:174)
at org.openqa.selenium.remote.RemoteWebDriver.execute(RemoteWebDriver.java:545)
at org.openqa.selenium.remote.ElementLocation$ElementFinder$2.findElement(ElementLocation.java:165)
at org.openqa.selenium.remote.ElementLocation.findElement(ElementLocation.java:59)
at org.openqa.selenium.remote.RemoteWebDriver.findElement(RemoteWebDriver.java:368)
at org.openqa.selenium.remote.RemoteWebDriver.findElement(RemoteWebDriver.java:362)
at org.openqa.selenium.support.pagefactory.DefaultElementLocator.findElement(DefaultElementLocator.java:68)
at org.openqa.selenium.support.pagefactory.internal.LocatingElementHandler.invoke(LocatingElementHandler.java:38)
at jdk.proxy2/jdk.proxy2.$Proxy18.click(Unknown Source)
at com.Ecommerce.ObjectRepository.RegisterPage.registerFunctionality(RegisterPage.java:53)
at com.Ecommerce.register.RegisterFunctionalityTest.registerTest(RegisterFunctionalityTest.java:28)
at java.base/java.util.concurrent.FutureTask.run(FutureTask.java:317)
at java.base/java.util.concurrent.ThreadPoolExecutor.runWorker(ThreadPoolExecutor.java:1144)
at java.base/java.util.concurrent.ThreadPoolExecutor$Worker.run(ThreadPoolExecutor.java:642)
at java.base/java.lang.Thread.run(Thread.java:1623)
... Removed 17 stack frames]]>
    </failure>
  </testcase> <!-- registerTest -->
  <testcase classname="com.Ecommerce.register.RegisterFunctionalityTest" name="registerTest" time="4.772"/>
  <testcase classname="com.Ecommerce.register.RegisterFunctionalityTest" name="registerTest" time="5.422"/>
  <testcase classname="com.Ecommerce.register.RegisterFunctionalityTest" name="registerTest" time="3.64"/>
  <testcase classname="com.Ecommerce.register.RegisterFunctionalityTest" name="registerTest" time="3.719"/>
  <testcase classname="com.Ecommerce.register.RegisterFunctionalityTest" name="registerTest" time="3.708"/>
  <testcase classname="com.Ecommerce.register.RegisterFunctionalityTest" name="registerTest" time="3.541"/>
  <testcase classname="com.Ecommerce.register.RegisterFunctionalityTest" name="registerTest" time="3.972"/>
  <testcase classname="com.Ecommerce.register.RegisterFunctionalityTest" name="registerTest" time="3.451"/>
  <testcase classname="com.Ecommerce.register.RegisterFunctionalityTest" name="registerTest" time="3.717"/>
  <testcase classname="com.Ecommerce.register.RegisterFunctionalityTest" name="registerTest" time="4.728"/>
  <testcase classname="com.Ecommerce.register.RegisterFunctionalityTest" name="registerTest" time="3.682"/>
  <testcase classname="com.Ecommerce.register.RegisterFunctionalityTest" name="registerTest" time="3.491"/>
  <testcase classname="com.Ecommerce.register.RegisterFunctionalityTest" name="registerTest" time="3.431"/>
  <testcase classname="com.Ecommerce.register.RegisterFunctionalityTest" name="registerTest" time="3.574"/>
  <testcase classname="com.Ecommerce.register.RegisterFunctionalityTest" name="registerTest" time="4.063"/>
  <testcase classname="com.Ecommerce.register.RegisterFunctionalityTest" name="registerTest" time="3.661"/>
  <testcase classname="com.Ecommerce.register.RegisterFunctionalityTest" name="registerTest" time="3.572"/>
  <testcase classname="com.Ecommerce.register.RegisterFunctionalityTest" name="registerTest" time="3.491"/>
  <testcase classname="com.Ecommerce.register.RegisterFunctionalityTest" name="registerTest" time="3.812"/>
  <testcase classname="com.Ecommerce.register.RegisterFunctionalityTest" name="registerTest" time="3.368"/>
  <testcase classname="com.Ecommerce.register.RegisterFunctionalityTest" name="registerTest" time="3.363"/>
  <testcase classname="com.Ecommerce.register.RegisterFunctionalityTest" name="registerTest" time="3.571"/>
  <testcase classname="com.Ecommerce.register.RegisterFunctionalityTest" name="registerTest" time="4.068"/>
  <testcase classname="com.Ecommerce.register.RegisterFunctionalityTest" name="registerTest" time="3.376"/>
  <testcase classname="com.Ecommerce.register.RegisterFunctionalityTest" name="registerTest" time="3.342"/>
  <testcase classname="com.Ecommerce.register.RegisterFunctionalityTest" name="registerTest" time="3.53"/>
  <testcase classname="com.Ecommerce.register.RegisterFunctionalityTest" name="registerTest" time="4.126"/>
</testsuite> <!-- Test1 -->
