<html>
<head>
<title>TestNG:  Default test</title>
<link href="../testng.css" rel="stylesheet" type="text/css" />
<link href="../my-testng.css" rel="stylesheet" type="text/css" />

<style type="text/css">
.log { display: none;} 
.stack-trace { display: none;} 
</style>
<script type="text/javascript">
<!--
function flip(e) {
  current = e.style.display;
  if (current == 'block') {
    e.style.display = 'none';
    return 0;
  }
  else {
    e.style.display = 'block';
    return 1;
  }
}

function toggleBox(szDivId, elem, msg1, msg2)
{
  var res = -1;  if (document.getElementById) {
    res = flip(document.getElementById(szDivId));
  }
  else if (document.all) {
    // this is the way old msie versions work
    res = flip(document.all[szDivId]);
  }
  if(elem) {
    if(res == 0) elem.innerHTML = msg1; else elem.innerHTML = msg2;
  }

}

function toggleAllBoxes() {
  if (document.getElementsByTagName) {
    d = document.getElementsByTagName('div');
    for (i = 0; i < d.length; i++) {
      if (d[i].className == 'log') {
        flip(d[i]);
      }
    }
  }
}

// -->
</script>

</head>
<body>
<h2 align='center'>Default test</h2><table border='1' align="center">
<tr>
<td>Tests passed/Failed/Skipped:</td><td>18/2/0</td>
</tr><tr>
<td>Started on:</td><td>Thu Jun 19 14:44:51 IST 2025</td>
</tr>
<tr><td>Total time:</td><td>40 seconds (40281 ms)</td>
</tr><tr>
<td>Included groups:</td><td></td>
</tr><tr>
<td>Excluded groups:</td><td></td>
</tr>
</table><p/>
<small><i>(Hover the method name to see the test class name)</i></small><p/>
<table width='100%' border='1' class='invocation-failed'>
<tr><td colspan='4' align='center'><b>FAILED TESTS</b></td></tr>
<tr><td><b>Test method</b></td>
<td width="30%"><b>Exception</b></td>
<td width="10%"><b>Time (seconds)</b></td>
<td><b>Instance</b></td>
</tr>
<tr>
<td title='com.Ecommerce.login.InvalidLoginFunctionalityTest.invalidLoginTest()'><b>invalidLoginTest</b><br>Test class: com.Ecommerce.login.InvalidLoginFunctionalityTest<br>Parameters: wyattmichelle@yahoo.com, V@JV9H3s5H</td>
<td><div><pre>org.openqa.selenium.StaleElementReferenceException: stale element reference: stale element not found
  (Session info: chrome=137.0.7151.104)
For documentation on this error, please visit: https://www.selenium.dev/documentation/webdriver/troubleshooting/errors#stale-element-reference-exception
Build info: version: &apos;4.26.0&apos;, revision: &apos;8ccf0219d7&apos;
System info: os.name: &apos;Windows 11&apos;, os.arch: &apos;amd64&apos;, os.version: &apos;10.0&apos;, java.version: &apos;20.0.2&apos;
Driver info: org.openqa.selenium.chrome.ChromeDriver
Command: [ae8b25d0e6e7aba4b331f792f3b80de5, clearElement {id=f.3FB9AB9ACCA6C2AE2B22A698DB2E5F97.d.AFF992F31C627C403B8D12076566255F.e.465}]
Capabilities {acceptInsecureCerts: false, browserName: chrome, browserVersion: 137.0.7151.104, chrome: {chromedriverVersion: 137.0.7151.119 (e0ac9d12dff..., userDataDir: C:\Users\AMANSI~1\AppData\L...}, fedcm:accounts: true, goog:chromeOptions: {debuggerAddress: localhost:53468}, networkConnectionEnabled: false, pageLoadStrategy: normal, platformName: windows, proxy: Proxy(), se:cdp: ws://localhost:53468/devtoo..., se:cdpVersion: 137.0.7151.104, setWindowRect: true, strictFileInteractability: false, timeouts: {implicit: 0, pageLoad: 300000, script: 30000}, unhandledPromptBehavior: dismiss and notify, webauthn:extension:credBlob: true, webauthn:extension:largeBlob: true, webauthn:extension:minPinLength: true, webauthn:extension:prf: true, webauthn:virtualAuthenticators: true}
Element: [[ChromeDriver: chrome on windows (ae8b25d0e6e7aba4b331f792f3b80de5)] -&gt; id: Email]
Session ID: ae8b25d0e6e7aba4b331f792f3b80de5
	at java.base/jdk.internal.reflect.DirectConstructorHandleAccessor.newInstance(DirectConstructorHandleAccessor.java:67)
	at java.base/java.lang.reflect.Constructor.newInstanceWithCaller(Constructor.java:500)
	at java.base/java.lang.reflect.Constructor.newInstance(Constructor.java:484)
	at org.openqa.selenium.remote.ErrorCodec.decode(ErrorCodec.java:167)
	at org.openqa.selenium.remote.codec.w3c.W3CHttpResponseCodec.decode(W3CHttpResponseCodec.java:138)
	at org.openqa.selenium.remote.codec.w3c.W3CHttpResponseCodec.decode(W3CHttpResponseCodec.java:50)
	at org.openqa.selenium.remote.HttpCommandExecutor.execute(HttpCommandExecutor.java:190)
	at org.openqa.selenium.remote.service.DriverCommandExecutor.invokeExecute(DriverCommandExecutor.java:216)
	at org.openqa.selenium.remote.service.DriverCommandExecutor.execute(DriverCommandExecutor.java:174)
	at org.openqa.selenium.remote.RemoteWebDriver.execute(RemoteWebDriver.java:545)
	at org.openqa.selenium.remote.RemoteWebElement.execute(RemoteWebElement.java:223)
	at org.openqa.selenium.remote.RemoteWebElement.clear(RemoteWebElement.java:129)
	at java.base/jdk.internal.reflect.DirectMethodHandleAccessor.invoke(DirectMethodHandleAccessor.java:104)
	at java.base/java.lang.reflect.Method.invoke(Method.java:578)
	at org.openqa.selenium.support.pagefactory.internal.LocatingElementHandler.invoke(LocatingElementHandler.java:51)
	at jdk.proxy2/jdk.proxy2.$Proxy18.clear(Unknown Source)
	at com.Ecommerce.ObjectRepository.LoginPage.invalidloginFunctionality(LoginPage.java:38)
	at com.Ecommerce.login.InvalidLoginFunctionalityTest.invalidLoginTest(InvalidLoginFunctionalityTest.java:27)
	at java.base/jdk.internal.reflect.DirectMethodHandleAccessor.invoke(DirectMethodHandleAccessor.java:104)
	at java.base/java.lang.reflect.Method.invoke(Method.java:578)
	at org.testng.internal.MethodInvocationHelper.invokeMethod(MethodInvocationHelper.java:124)
	at org.testng.internal.Invoker.invokeMethod(Invoker.java:583)
	at org.testng.internal.Invoker.invokeTestMethod(Invoker.java:719)
	at org.testng.internal.Invoker.invokeTestMethods(Invoker.java:989)
	at org.testng.internal.TestMethodWorker.invokeTestMethods(TestMethodWorker.java:125)
	at org.testng.internal.TestMethodWorker.run(TestMethodWorker.java:109)
	at org.testng.TestRunner.privateRun(TestRunner.java:648)
	at org.testng.TestRunner.run(TestRunner.java:505)
	at org.testng.SuiteRunner.runTest(SuiteRunner.java:455)
	at org.testng.SuiteRunner.runSequentially(SuiteRunner.java:450)
	at org.testng.SuiteRunner.privateRun(SuiteRunner.java:415)
	at org.testng.SuiteRunner.run(SuiteRunner.java:364)
	at org.testng.SuiteRunnerWorker.runSuite(SuiteRunnerWorker.java:52)
	at org.testng.SuiteRunnerWorker.run(SuiteRunnerWorker.java:84)
	at org.testng.TestNG.runSuitesSequentially(TestNG.java:1208)
	at org.testng.TestNG.runSuitesLocally(TestNG.java:1137)
	at org.testng.TestNG.runSuites(TestNG.java:1049)
	at org.testng.TestNG.run(TestNG.java:1017)
	at org.testng.remote.AbstractRemoteTestNG.run(AbstractRemoteTestNG.java:115)
	at org.testng.remote.RemoteTestNG.initAndRun(RemoteTestNG.java:293)
	at org.testng.remote.RemoteTestNG.main(RemoteTestNG.java:91)
</pre></div><a href='#' onClick='toggleBox("stack-trace118492650", this, "Click to show all stack frames", "Click to hide stack frames")'>Click to show all stack frames</a>
<div class='stack-trace' id='stack-trace118492650'><pre>org.openqa.selenium.StaleElementReferenceException: stale element reference: stale element not found
  (Session info: chrome=137.0.7151.104)
For documentation on this error, please visit: https://www.selenium.dev/documentation/webdriver/troubleshooting/errors#stale-element-reference-exception
Build info: version: &apos;4.26.0&apos;, revision: &apos;8ccf0219d7&apos;
System info: os.name: &apos;Windows 11&apos;, os.arch: &apos;amd64&apos;, os.version: &apos;10.0&apos;, java.version: &apos;20.0.2&apos;
Driver info: org.openqa.selenium.chrome.ChromeDriver
Command: [ae8b25d0e6e7aba4b331f792f3b80de5, clearElement {id=f.3FB9AB9ACCA6C2AE2B22A698DB2E5F97.d.AFF992F31C627C403B8D12076566255F.e.465}]
Capabilities {acceptInsecureCerts: false, browserName: chrome, browserVersion: 137.0.7151.104, chrome: {chromedriverVersion: 137.0.7151.119 (e0ac9d12dff..., userDataDir: C:\Users\AMANSI~1\AppData\L...}, fedcm:accounts: true, goog:chromeOptions: {debuggerAddress: localhost:53468}, networkConnectionEnabled: false, pageLoadStrategy: normal, platformName: windows, proxy: Proxy(), se:cdp: ws://localhost:53468/devtoo..., se:cdpVersion: 137.0.7151.104, setWindowRect: true, strictFileInteractability: false, timeouts: {implicit: 0, pageLoad: 300000, script: 30000}, unhandledPromptBehavior: dismiss and notify, webauthn:extension:credBlob: true, webauthn:extension:largeBlob: true, webauthn:extension:minPinLength: true, webauthn:extension:prf: true, webauthn:virtualAuthenticators: true}
Element: [[ChromeDriver: chrome on windows (ae8b25d0e6e7aba4b331f792f3b80de5)] -&gt; id: Email]
Session ID: ae8b25d0e6e7aba4b331f792f3b80de5
	at java.base/jdk.internal.reflect.DirectConstructorHandleAccessor.newInstance(DirectConstructorHandleAccessor.java:67)
	at java.base/java.lang.reflect.Constructor.newInstanceWithCaller(Constructor.java:500)
	at java.base/java.lang.reflect.Constructor.newInstance(Constructor.java:484)
	at org.openqa.selenium.remote.ErrorCodec.decode(ErrorCodec.java:167)
	at org.openqa.selenium.remote.codec.w3c.W3CHttpResponseCodec.decode(W3CHttpResponseCodec.java:138)
	at org.openqa.selenium.remote.codec.w3c.W3CHttpResponseCodec.decode(W3CHttpResponseCodec.java:50)
	at org.openqa.selenium.remote.HttpCommandExecutor.execute(HttpCommandExecutor.java:190)
	at org.openqa.selenium.remote.service.DriverCommandExecutor.invokeExecute(DriverCommandExecutor.java:216)
	at org.openqa.selenium.remote.service.DriverCommandExecutor.execute(DriverCommandExecutor.java:174)
	at org.openqa.selenium.remote.RemoteWebDriver.execute(RemoteWebDriver.java:545)
	at org.openqa.selenium.remote.RemoteWebElement.execute(RemoteWebElement.java:223)
	at org.openqa.selenium.remote.RemoteWebElement.clear(RemoteWebElement.java:129)
	at java.base/jdk.internal.reflect.DirectMethodHandleAccessor.invoke(DirectMethodHandleAccessor.java:104)
	at java.base/java.lang.reflect.Method.invoke(Method.java:578)
	at org.openqa.selenium.support.pagefactory.internal.LocatingElementHandler.invoke(LocatingElementHandler.java:51)
	at jdk.proxy2/jdk.proxy2.$Proxy18.clear(Unknown Source)
	at com.Ecommerce.ObjectRepository.LoginPage.invalidloginFunctionality(LoginPage.java:38)
	at com.Ecommerce.login.InvalidLoginFunctionalityTest.invalidLoginTest(InvalidLoginFunctionalityTest.java:27)
	at java.base/jdk.internal.reflect.DirectMethodHandleAccessor.invoke(DirectMethodHandleAccessor.java:104)
	at java.base/java.lang.reflect.Method.invoke(Method.java:578)
	at org.testng.internal.MethodInvocationHelper.invokeMethod(MethodInvocationHelper.java:124)
	at org.testng.internal.Invoker.invokeMethod(Invoker.java:583)
	at org.testng.internal.Invoker.invokeTestMethod(Invoker.java:719)
	at org.testng.internal.Invoker.invokeTestMethods(Invoker.java:989)
	at org.testng.internal.TestMethodWorker.invokeTestMethods(TestMethodWorker.java:125)
	at org.testng.internal.TestMethodWorker.run(TestMethodWorker.java:109)
	at org.testng.TestRunner.privateRun(TestRunner.java:648)
	at org.testng.TestRunner.run(TestRunner.java:505)
	at org.testng.SuiteRunner.runTest(SuiteRunner.java:455)
	at org.testng.SuiteRunner.runSequentially(SuiteRunner.java:450)
	at org.testng.SuiteRunner.privateRun(SuiteRunner.java:415)
	at org.testng.SuiteRunner.run(SuiteRunner.java:364)
	at org.testng.SuiteRunnerWorker.runSuite(SuiteRunnerWorker.java:52)
	at org.testng.SuiteRunnerWorker.run(SuiteRunnerWorker.java:84)
	at org.testng.TestNG.runSuitesSequentially(TestNG.java:1208)
	at org.testng.TestNG.runSuitesLocally(TestNG.java:1137)
	at org.testng.TestNG.runSuites(TestNG.java:1049)
	at org.testng.TestNG.run(TestNG.java:1017)
	at org.testng.remote.AbstractRemoteTestNG.run(AbstractRemoteTestNG.java:115)
	at org.testng.remote.RemoteTestNG.initAndRun(RemoteTestNG.java:293)
	at org.testng.remote.RemoteTestNG.main(RemoteTestNG.java:91)
</pre></div></td>
<td>1</td>
<td>com.Ecommerce.login.InvalidLoginFunctionalityTest@58ce9668</td></tr>
<tr>
<td title='com.Ecommerce.login.InvalidLoginFunctionalityTest.invalidLoginTest()'><b>invalidLoginTest</b><br>Test class: com.Ecommerce.login.InvalidLoginFunctionalityTest<br>Parameters: zhurst@yahoo.com, %3H^aDPcoC</td>
<td><div><pre>org.openqa.selenium.StaleElementReferenceException: stale element reference: stale element not found
  (Session info: chrome=137.0.7151.104)
For documentation on this error, please visit: https://www.selenium.dev/documentation/webdriver/troubleshooting/errors#stale-element-reference-exception
Build info: version: &apos;4.26.0&apos;, revision: &apos;8ccf0219d7&apos;
System info: os.name: &apos;Windows 11&apos;, os.arch: &apos;amd64&apos;, os.version: &apos;10.0&apos;, java.version: &apos;20.0.2&apos;
Driver info: org.openqa.selenium.chrome.ChromeDriver
Command: [ae8b25d0e6e7aba4b331f792f3b80de5, clearElement {id=f.3FB9AB9ACCA6C2AE2B22A698DB2E5F97.d.AEE47F92C023AD1A31B442830EE86DAC.e.838}]
Capabilities {acceptInsecureCerts: false, browserName: chrome, browserVersion: 137.0.7151.104, chrome: {chromedriverVersion: 137.0.7151.119 (e0ac9d12dff..., userDataDir: C:\Users\AMANSI~1\AppData\L...}, fedcm:accounts: true, goog:chromeOptions: {debuggerAddress: localhost:53468}, networkConnectionEnabled: false, pageLoadStrategy: normal, platformName: windows, proxy: Proxy(), se:cdp: ws://localhost:53468/devtoo..., se:cdpVersion: 137.0.7151.104, setWindowRect: true, strictFileInteractability: false, timeouts: {implicit: 0, pageLoad: 300000, script: 30000}, unhandledPromptBehavior: dismiss and notify, webauthn:extension:credBlob: true, webauthn:extension:largeBlob: true, webauthn:extension:minPinLength: true, webauthn:extension:prf: true, webauthn:virtualAuthenticators: true}
Element: [[ChromeDriver: chrome on windows (ae8b25d0e6e7aba4b331f792f3b80de5)] -&gt; id: Email]
Session ID: ae8b25d0e6e7aba4b331f792f3b80de5
	at java.base/jdk.internal.reflect.DirectConstructorHandleAccessor.newInstance(DirectConstructorHandleAccessor.java:67)
	at java.base/java.lang.reflect.Constructor.newInstanceWithCaller(Constructor.java:500)
	at java.base/java.lang.reflect.Constructor.newInstance(Constructor.java:484)
	at org.openqa.selenium.remote.ErrorCodec.decode(ErrorCodec.java:167)
	at org.openqa.selenium.remote.codec.w3c.W3CHttpResponseCodec.decode(W3CHttpResponseCodec.java:138)
	at org.openqa.selenium.remote.codec.w3c.W3CHttpResponseCodec.decode(W3CHttpResponseCodec.java:50)
	at org.openqa.selenium.remote.HttpCommandExecutor.execute(HttpCommandExecutor.java:190)
	at org.openqa.selenium.remote.service.DriverCommandExecutor.invokeExecute(DriverCommandExecutor.java:216)
	at org.openqa.selenium.remote.service.DriverCommandExecutor.execute(DriverCommandExecutor.java:174)
	at org.openqa.selenium.remote.RemoteWebDriver.execute(RemoteWebDriver.java:545)
	at org.openqa.selenium.remote.RemoteWebElement.execute(RemoteWebElement.java:223)
	at org.openqa.selenium.remote.RemoteWebElement.clear(RemoteWebElement.java:129)
	at java.base/jdk.internal.reflect.DirectMethodHandleAccessor.invoke(DirectMethodHandleAccessor.java:104)
	at java.base/java.lang.reflect.Method.invoke(Method.java:578)
	at org.openqa.selenium.support.pagefactory.internal.LocatingElementHandler.invoke(LocatingElementHandler.java:51)
	at jdk.proxy2/jdk.proxy2.$Proxy18.clear(Unknown Source)
	at com.Ecommerce.ObjectRepository.LoginPage.invalidloginFunctionality(LoginPage.java:38)
	at com.Ecommerce.login.InvalidLoginFunctionalityTest.invalidLoginTest(InvalidLoginFunctionalityTest.java:27)
	at java.base/jdk.internal.reflect.DirectMethodHandleAccessor.invoke(DirectMethodHandleAccessor.java:104)
	at java.base/java.lang.reflect.Method.invoke(Method.java:578)
	at org.testng.internal.MethodInvocationHelper.invokeMethod(MethodInvocationHelper.java:124)
	at org.testng.internal.Invoker.invokeMethod(Invoker.java:583)
	at org.testng.internal.Invoker.invokeTestMethod(Invoker.java:719)
	at org.testng.internal.Invoker.invokeTestMethods(Invoker.java:989)
	at org.testng.internal.TestMethodWorker.invokeTestMethods(TestMethodWorker.java:125)
	at org.testng.internal.TestMethodWorker.run(TestMethodWorker.java:109)
	at org.testng.TestRunner.privateRun(TestRunner.java:648)
	at org.testng.TestRunner.run(TestRunner.java:505)
	at org.testng.SuiteRunner.runTest(SuiteRunner.java:455)
	at org.testng.SuiteRunner.runSequentially(SuiteRunner.java:450)
	at org.testng.SuiteRunner.privateRun(SuiteRunner.java:415)
	at org.testng.SuiteRunner.run(SuiteRunner.java:364)
	at org.testng.SuiteRunnerWorker.runSuite(SuiteRunnerWorker.java:52)
	at org.testng.SuiteRunnerWorker.run(SuiteRunnerWorker.java:84)
	at org.testng.TestNG.runSuitesSequentially(TestNG.java:1208)
	at org.testng.TestNG.runSuitesLocally(TestNG.java:1137)
	at org.testng.TestNG.runSuites(TestNG.java:1049)
	at org.testng.TestNG.run(TestNG.java:1017)
	at org.testng.remote.AbstractRemoteTestNG.run(AbstractRemoteTestNG.java:115)
	at org.testng.remote.RemoteTestNG.initAndRun(RemoteTestNG.java:293)
	at org.testng.remote.RemoteTestNG.main(RemoteTestNG.java:91)
</pre></div><a href='#' onClick='toggleBox("stack-trace2093613480", this, "Click to show all stack frames", "Click to hide stack frames")'>Click to show all stack frames</a>
<div class='stack-trace' id='stack-trace2093613480'><pre>org.openqa.selenium.StaleElementReferenceException: stale element reference: stale element not found
  (Session info: chrome=137.0.7151.104)
For documentation on this error, please visit: https://www.selenium.dev/documentation/webdriver/troubleshooting/errors#stale-element-reference-exception
Build info: version: &apos;4.26.0&apos;, revision: &apos;8ccf0219d7&apos;
System info: os.name: &apos;Windows 11&apos;, os.arch: &apos;amd64&apos;, os.version: &apos;10.0&apos;, java.version: &apos;20.0.2&apos;
Driver info: org.openqa.selenium.chrome.ChromeDriver
Command: [ae8b25d0e6e7aba4b331f792f3b80de5, clearElement {id=f.3FB9AB9ACCA6C2AE2B22A698DB2E5F97.d.AEE47F92C023AD1A31B442830EE86DAC.e.838}]
Capabilities {acceptInsecureCerts: false, browserName: chrome, browserVersion: 137.0.7151.104, chrome: {chromedriverVersion: 137.0.7151.119 (e0ac9d12dff..., userDataDir: C:\Users\AMANSI~1\AppData\L...}, fedcm:accounts: true, goog:chromeOptions: {debuggerAddress: localhost:53468}, networkConnectionEnabled: false, pageLoadStrategy: normal, platformName: windows, proxy: Proxy(), se:cdp: ws://localhost:53468/devtoo..., se:cdpVersion: 137.0.7151.104, setWindowRect: true, strictFileInteractability: false, timeouts: {implicit: 0, pageLoad: 300000, script: 30000}, unhandledPromptBehavior: dismiss and notify, webauthn:extension:credBlob: true, webauthn:extension:largeBlob: true, webauthn:extension:minPinLength: true, webauthn:extension:prf: true, webauthn:virtualAuthenticators: true}
Element: [[ChromeDriver: chrome on windows (ae8b25d0e6e7aba4b331f792f3b80de5)] -&gt; id: Email]
Session ID: ae8b25d0e6e7aba4b331f792f3b80de5
	at java.base/jdk.internal.reflect.DirectConstructorHandleAccessor.newInstance(DirectConstructorHandleAccessor.java:67)
	at java.base/java.lang.reflect.Constructor.newInstanceWithCaller(Constructor.java:500)
	at java.base/java.lang.reflect.Constructor.newInstance(Constructor.java:484)
	at org.openqa.selenium.remote.ErrorCodec.decode(ErrorCodec.java:167)
	at org.openqa.selenium.remote.codec.w3c.W3CHttpResponseCodec.decode(W3CHttpResponseCodec.java:138)
	at org.openqa.selenium.remote.codec.w3c.W3CHttpResponseCodec.decode(W3CHttpResponseCodec.java:50)
	at org.openqa.selenium.remote.HttpCommandExecutor.execute(HttpCommandExecutor.java:190)
	at org.openqa.selenium.remote.service.DriverCommandExecutor.invokeExecute(DriverCommandExecutor.java:216)
	at org.openqa.selenium.remote.service.DriverCommandExecutor.execute(DriverCommandExecutor.java:174)
	at org.openqa.selenium.remote.RemoteWebDriver.execute(RemoteWebDriver.java:545)
	at org.openqa.selenium.remote.RemoteWebElement.execute(RemoteWebElement.java:223)
	at org.openqa.selenium.remote.RemoteWebElement.clear(RemoteWebElement.java:129)
	at java.base/jdk.internal.reflect.DirectMethodHandleAccessor.invoke(DirectMethodHandleAccessor.java:104)
	at java.base/java.lang.reflect.Method.invoke(Method.java:578)
	at org.openqa.selenium.support.pagefactory.internal.LocatingElementHandler.invoke(LocatingElementHandler.java:51)
	at jdk.proxy2/jdk.proxy2.$Proxy18.clear(Unknown Source)
	at com.Ecommerce.ObjectRepository.LoginPage.invalidloginFunctionality(LoginPage.java:38)
	at com.Ecommerce.login.InvalidLoginFunctionalityTest.invalidLoginTest(InvalidLoginFunctionalityTest.java:27)
	at java.base/jdk.internal.reflect.DirectMethodHandleAccessor.invoke(DirectMethodHandleAccessor.java:104)
	at java.base/java.lang.reflect.Method.invoke(Method.java:578)
	at org.testng.internal.MethodInvocationHelper.invokeMethod(MethodInvocationHelper.java:124)
	at org.testng.internal.Invoker.invokeMethod(Invoker.java:583)
	at org.testng.internal.Invoker.invokeTestMethod(Invoker.java:719)
	at org.testng.internal.Invoker.invokeTestMethods(Invoker.java:989)
	at org.testng.internal.TestMethodWorker.invokeTestMethods(TestMethodWorker.java:125)
	at org.testng.internal.TestMethodWorker.run(TestMethodWorker.java:109)
	at org.testng.TestRunner.privateRun(TestRunner.java:648)
	at org.testng.TestRunner.run(TestRunner.java:505)
	at org.testng.SuiteRunner.runTest(SuiteRunner.java:455)
	at org.testng.SuiteRunner.runSequentially(SuiteRunner.java:450)
	at org.testng.SuiteRunner.privateRun(SuiteRunner.java:415)
	at org.testng.SuiteRunner.run(SuiteRunner.java:364)
	at org.testng.SuiteRunnerWorker.runSuite(SuiteRunnerWorker.java:52)
	at org.testng.SuiteRunnerWorker.run(SuiteRunnerWorker.java:84)
	at org.testng.TestNG.runSuitesSequentially(TestNG.java:1208)
	at org.testng.TestNG.runSuitesLocally(TestNG.java:1137)
	at org.testng.TestNG.runSuites(TestNG.java:1049)
	at org.testng.TestNG.run(TestNG.java:1017)
	at org.testng.remote.AbstractRemoteTestNG.run(AbstractRemoteTestNG.java:115)
	at org.testng.remote.RemoteTestNG.initAndRun(RemoteTestNG.java:293)
	at org.testng.remote.RemoteTestNG.main(RemoteTestNG.java:91)
</pre></div></td>
<td>1</td>
<td>com.Ecommerce.login.InvalidLoginFunctionalityTest@58ce9668</td></tr>
</table><p>
<table width='100%' border='1' class='invocation-passed'>
<tr><td colspan='4' align='center'><b>PASSED TESTS</b></td></tr>
<tr><td><b>Test method</b></td>
<td width="30%"><b>Exception</b></td>
<td width="10%"><b>Time (seconds)</b></td>
<td><b>Instance</b></td>
</tr>
<tr>
<td title='com.Ecommerce.login.InvalidLoginFunctionalityTest.invalidLoginTest()'><b>invalidLoginTest</b><br>Test class: com.Ecommerce.login.InvalidLoginFunctionalityTest<br>Parameters: figueroajohn@doyle.net, 5THgbyR)^4</td>
<td></td>
<td>2</td>
<td>com.Ecommerce.login.InvalidLoginFunctionalityTest@58ce9668</td></tr>
<tr>
<td title='com.Ecommerce.login.InvalidLoginFunctionalityTest.invalidLoginTest()'><b>invalidLoginTest</b><br>Test class: com.Ecommerce.login.InvalidLoginFunctionalityTest<br>Parameters: fjohnson@hall.com, y2BRaKQ(&3</td>
<td></td>
<td>1</td>
<td>com.Ecommerce.login.InvalidLoginFunctionalityTest@58ce9668</td></tr>
<tr>
<td title='com.Ecommerce.login.InvalidLoginFunctionalityTest.invalidLoginTest()'><b>invalidLoginTest</b><br>Test class: com.Ecommerce.login.InvalidLoginFunctionalityTest<br>Parameters: lrobinson@pacheco-smith.com, t@^0b3HcUM</td>
<td></td>
<td>1</td>
<td>com.Ecommerce.login.InvalidLoginFunctionalityTest@58ce9668</td></tr>
<tr>
<td title='com.Ecommerce.login.InvalidLoginFunctionalityTest.invalidLoginTest()'><b>invalidLoginTest</b><br>Test class: com.Ecommerce.login.InvalidLoginFunctionalityTest<br>Parameters: joshua35@gmail.com, Ip6aZ%Ln@2</td>
<td></td>
<td>1</td>
<td>com.Ecommerce.login.InvalidLoginFunctionalityTest@58ce9668</td></tr>
<tr>
<td title='com.Ecommerce.login.InvalidLoginFunctionalityTest.invalidLoginTest()'><b>invalidLoginTest</b><br>Test class: com.Ecommerce.login.InvalidLoginFunctionalityTest<br>Parameters: wdavis@baker.com, q^#4*aOh&h</td>
<td></td>
<td>1</td>
<td>com.Ecommerce.login.InvalidLoginFunctionalityTest@58ce9668</td></tr>
<tr>
<td title='com.Ecommerce.login.InvalidLoginFunctionalityTest.invalidLoginTest()'><b>invalidLoginTest</b><br>Test class: com.Ecommerce.login.InvalidLoginFunctionalityTest<br>Parameters: arnoldmaria@hotmail.com, 0!*3M9dbja</td>
<td></td>
<td>1</td>
<td>com.Ecommerce.login.InvalidLoginFunctionalityTest@58ce9668</td></tr>
<tr>
<td title='com.Ecommerce.login.InvalidLoginFunctionalityTest.invalidLoginTest()'><b>invalidLoginTest</b><br>Test class: com.Ecommerce.login.InvalidLoginFunctionalityTest<br>Parameters: janetwilliams@gmail.com, SS%0Ppxx^$</td>
<td></td>
<td>1</td>
<td>com.Ecommerce.login.InvalidLoginFunctionalityTest@58ce9668</td></tr>
<tr>
<td title='com.Ecommerce.login.InvalidLoginFunctionalityTest.invalidLoginTest()'><b>invalidLoginTest</b><br>Test class: com.Ecommerce.login.InvalidLoginFunctionalityTest<br>Parameters: xreid@gmail.com, s^37TrrF!7</td>
<td></td>
<td>1</td>
<td>com.Ecommerce.login.InvalidLoginFunctionalityTest@58ce9668</td></tr>
<tr>
<td title='com.Ecommerce.login.InvalidLoginFunctionalityTest.invalidLoginTest()'><b>invalidLoginTest</b><br>Test class: com.Ecommerce.login.InvalidLoginFunctionalityTest<br>Parameters: jason41@hotmail.com, 8q7rJ+8v_c</td>
<td></td>
<td>1</td>
<td>com.Ecommerce.login.InvalidLoginFunctionalityTest@58ce9668</td></tr>
<tr>
<td title='com.Ecommerce.login.InvalidLoginFunctionalityTest.invalidLoginTest()'><b>invalidLoginTest</b><br>Test class: com.Ecommerce.login.InvalidLoginFunctionalityTest<br>Parameters: frankgray@watts.com, 6jI7gbJ!@r</td>
<td></td>
<td>1</td>
<td>com.Ecommerce.login.InvalidLoginFunctionalityTest@58ce9668</td></tr>
<tr>
<td title='com.Ecommerce.login.InvalidLoginFunctionalityTest.invalidLoginTest()'><b>invalidLoginTest</b><br>Test class: com.Ecommerce.login.InvalidLoginFunctionalityTest<br>Parameters: trujillorichard@clark.com, )A8Epsn6*)</td>
<td></td>
<td>1</td>
<td>com.Ecommerce.login.InvalidLoginFunctionalityTest@58ce9668</td></tr>
<tr>
<td title='com.Ecommerce.login.InvalidLoginFunctionalityTest.invalidLoginTest()'><b>invalidLoginTest</b><br>Test class: com.Ecommerce.login.InvalidLoginFunctionalityTest<br>Parameters: pfoster@thomas-taylor.net, #uj2bN6adG</td>
<td></td>
<td>1</td>
<td>com.Ecommerce.login.InvalidLoginFunctionalityTest@58ce9668</td></tr>
<tr>
<td title='com.Ecommerce.login.InvalidLoginFunctionalityTest.invalidLoginTest()'><b>invalidLoginTest</b><br>Test class: com.Ecommerce.login.InvalidLoginFunctionalityTest<br>Parameters: williamdavis@callahan.com, WDk4yBd2)K</td>
<td></td>
<td>1</td>
<td>com.Ecommerce.login.InvalidLoginFunctionalityTest@58ce9668</td></tr>
<tr>
<td title='com.Ecommerce.login.InvalidLoginFunctionalityTest.invalidLoginTest()'><b>invalidLoginTest</b><br>Test class: com.Ecommerce.login.InvalidLoginFunctionalityTest<br>Parameters: cruzcaitlin@yahoo.com, b)5PTCkT2@</td>
<td></td>
<td>1</td>
<td>com.Ecommerce.login.InvalidLoginFunctionalityTest@58ce9668</td></tr>
<tr>
<td title='com.Ecommerce.login.InvalidLoginFunctionalityTest.invalidLoginTest()'><b>invalidLoginTest</b><br>Test class: com.Ecommerce.login.InvalidLoginFunctionalityTest<br>Parameters: frazierdanny@hotmail.com, 98AajK3N&k</td>
<td></td>
<td>1</td>
<td>com.Ecommerce.login.InvalidLoginFunctionalityTest@58ce9668</td></tr>
<tr>
<td title='com.Ecommerce.login.InvalidLoginFunctionalityTest.invalidLoginTest()'><b>invalidLoginTest</b><br>Test class: com.Ecommerce.login.InvalidLoginFunctionalityTest<br>Parameters: daniel62@yahoo.com, mhb92@Kco_</td>
<td></td>
<td>1</td>
<td>com.Ecommerce.login.InvalidLoginFunctionalityTest@58ce9668</td></tr>
<tr>
<td title='com.Ecommerce.login.InvalidLoginFunctionalityTest.invalidLoginTest()'><b>invalidLoginTest</b><br>Test class: com.Ecommerce.login.InvalidLoginFunctionalityTest<br>Parameters: teresa28@harrell.net, c3Erj4lu&T</td>
<td></td>
<td>2</td>
<td>com.Ecommerce.login.InvalidLoginFunctionalityTest@58ce9668</td></tr>
<tr>
<td title='com.Ecommerce.login.InvalidLoginFunctionalityTest.invalidLoginTest()'><b>invalidLoginTest</b><br>Test class: com.Ecommerce.login.InvalidLoginFunctionalityTest<br>Parameters: nathanielmartin@sellers.com, rXf9KSsy(7</td>
<td></td>
<td>1</td>
<td>com.Ecommerce.login.InvalidLoginFunctionalityTest@58ce9668</td></tr>
</table><p>
</body>
</html>